Watching for file changes with StatReloader
Waiting for apps ready_event.
Apps ready_event triggered. Sending autoreload_started signal.
Watching dir C:\UAFOND\templates with glob **/*.
Watching dir C:\UAFOND\locale with glob **/*.mo.
Watching dir C:\UAFOND\UAFOND\locale with glob **/*.mo.
(0.000) 
            SELECT name, type FROM sqlite_master
            WHERE type in ('table', 'view') AND NOT name='sqlite_sequence'
            ORDER BY name; args=None; alias=default
(0.000) SELECT "django_migrations"."id", "django_migrations"."app", "django_migrations"."name", "django_migrations"."applied" FROM "django_migrations"; args=(); alias=default
File C:\Users\Stiva\AppData\Local\Programs\Python\Python312\Lib\site-packages\django\contrib\staticfiles\apps.py first seen with mtime 1711956468.785884
File C:\Users\Stiva\AppData\Local\Programs\Python\Python312\Lib\token.py first seen with mtime 1707246618.0
File C:\Users\Stiva\AppData\Local\Programs\Python\Python312\Lib\collections\abc.py first seen with mtime 1707246618.0
File C:\Users\Stiva\AppData\Local\Programs\Python\Python312\Lib\site-packages\django\core\files\storage\mixins.py first seen with mtime 1711956468.8130472
File C:\Users\Stiva\AppData\Local\Programs\Python\Python312\Lib\site-packages\django\core\mail\message.py first seen with mtime 1711956468.8155906
File C:\UAFOND\UAFOND\admin.py first seen with mtime 1707162196.0
File C:\Users\Stiva\AppData\Local\Programs\Python\Python312\Lib\site-packages\django\template\exceptions.py first seen with mtime 1711956468.92098
File C:\Users\Stiva\AppData\Local\Programs\Python\Python312\Lib\site-packages\django\core\files\storage\__init__.py first seen with mtime 1711956468.811057
File C:\Users\Stiva\AppData\Local\Programs\Python\Python312\Lib\site-packages\django\core\serializers\json.py first seen with mtime 1711956468.8312056
File C:\Users\Stiva\AppData\Local\Programs\Python\Python312\Lib\mimetypes.py first seen with mtime 1707246618.0
File C:\Users\Stiva\AppData\Local\Programs\Python\Python312\Lib\multiprocessing\process.py first seen with mtime 1707246618.0
File C:\Users\Stiva\AppData\Local\Programs\Python\Python312\Lib\site-packages\django\utils\autoreload.py first seen with mtime 1711956468.936952
File C:\Users\Stiva\AppData\Local\Programs\Python\Python312\Lib\difflib.py first seen with mtime 1707246618.0
File C:\Users\Stiva\AppData\Local\Programs\Python\Python312\Lib\subprocess.py first seen with mtime 1707246618.0
File C:\Users\Stiva\AppData\Local\Programs\Python\Python312\Lib\email\iterators.py first seen with mtime 1707246618.0
File C:\Users\Stiva\AppData\Local\Programs\Python\Python312\Lib\site-packages\django\contrib\admin\templatetags\__init__.py first seen with mtime 1711956467.8422012
File C:\Users\Stiva\AppData\Local\Programs\Python\Python312\Lib\reprlib.py first seen with mtime 1707246618.0
File C:\Users\Stiva\AppData\Local\Programs\Python\Python312\Lib\site-packages\django\urls\exceptions.py first seen with mtime 1711956468.934831
File C:\Users\Stiva\AppData\Local\Programs\Python\Python312\Lib\site-packages\django\core\serializers\base.py first seen with mtime 1711956468.8312056
File C:\Users\Stiva\AppData\Local\Programs\Python\Python312\Lib\site-packages\django\urls\conf.py first seen with mtime 1711956468.9338336
File C:\Users\Stiva\AppData\Local\Programs\Python\Python312\Lib\site-packages\django\conf\locale\__init__.py first seen with mtime 1711956467.4425328
File C:\Users\Stiva\AppData\Local\Programs\Python\Python312\Lib\email\utils.py first seen with mtime 1707246618.0
File C:\Users\Stiva\AppData\Local\Programs\Python\Python312\Lib\http\client.py first seen with mtime 1707246618.0
File C:\Users\Stiva\AppData\Local\Programs\Python\Python312\Lib\asyncio\queues.py first seen with mtime 1707246618.0
File C:\Users\Stiva\AppData\Local\Programs\Python\Python312\Lib\site-packages\django\db\backends\base\features.py first seen with mtime 1711956468.8380942
File C:\Users\Stiva\AppData\Local\Programs\Python\Python312\Lib\site-packages\django\templatetags\tz.py first seen with mtime 1711956468.9294515
File C:\Users\Stiva\AppData\Local\Programs\Python\Python312\DLLs\_wmi.pyd first seen with mtime 1707246652.0
File C:\Users\Stiva\AppData\Local\Programs\Python\Python312\Lib\urllib\error.py first seen with mtime 1707246618.0
File C:\Users\Stiva\AppData\Local\Programs\Python\Python312\Lib\site-packages\sqlparse\lexer.py first seen with mtime 1711956467.0948691
File C:\Users\Stiva\AppData\Local\Programs\Python\Python312\Lib\site-packages\django\db\models\sql\subqueries.py first seen with mtime 1711956468.877515
File C:\Users\Stiva\AppData\Local\Programs\Python\Python312\Lib\email\parser.py first seen with mtime 1707246618.0
File C:\Users\Stiva\AppData\Local\Programs\Python\Python312\Lib\email\mime\__init__.py first seen with mtime 1707246618.0
File C:\Users\Stiva\AppData\Local\Programs\Python\Python312\Lib\sqlite3\__init__.py first seen with mtime 1707246618.0
File C:\Users\Stiva\AppData\Local\Programs\Python\Python312\Lib\lzma.py first seen with mtime 1707246618.0
File C:\Users\Stiva\AppData\Local\Programs\Python\Python312\Lib\site-packages\django\contrib\admin\__init__.py first seen with mtime 1711956467.5768025
File C:\Users\Stiva\AppData\Local\Programs\Python\Python312\Lib\wsgiref\headers.py first seen with mtime 1707246618.0
File C:\Users\Stiva\AppData\Local\Programs\Python\Python312\Lib\site-packages\django\db\backends\__init__.py first seen with mtime 1711956468.8349073
File C:\Users\Stiva\AppData\Local\Programs\Python\Python312\Lib\site-packages\django\db\migrations\state.py first seen with mtime 1711956468.8591168
File C:\Users\Stiva\AppData\Local\Programs\Python\Python312\Lib\site-packages\django\forms\__init__.py first seen with mtime 1711956468.879509
File C:\Users\Stiva\AppData\Local\Programs\Python\Python312\Lib\site-packages\django\db\models\sql\query.py first seen with mtime 1711956468.877515
File C:\Users\Stiva\AppData\Local\Programs\Python\Python312\Lib\site-packages\django\views\__init__.py first seen with mtime 1711956468.952612
File C:\Users\Stiva\AppData\Local\Programs\Python\Python312\DLLs\select.pyd first seen with mtime 1707246652.0
File C:\Users\Stiva\AppData\Local\Programs\Python\Python312\Lib\site-packages\django\contrib\messages\storage\base.py first seen with mtime 1711956468.4255779
File C:\Users\Stiva\AppData\Local\Programs\Python\Python312\Lib\json\__init__.py first seen with mtime 1707246618.0
File C:\Users\Stiva\AppData\Local\Programs\Python\Python312\DLLs\unicodedata.pyd first seen with mtime 1707246652.0
File C:\Users\Stiva\AppData\Local\Programs\Python\Python312\Lib\hmac.py first seen with mtime 1707246618.0
File C:\Users\Stiva\AppData\Local\Programs\Python\Python312\Lib\site-packages\django\conf\urls\static.py first seen with mtime 1711956467.5758002
File C:\Users\Stiva\AppData\Local\Programs\Python\Python312\Lib\site-packages\django\contrib\auth\management\__init__.py first seen with mtime 1711956468.030873
File C:\Users\Stiva\AppData\Local\Programs\Python\Python312\Lib\base64.py first seen with mtime 1707246618.0
File C:\Users\Stiva\AppData\Local\Programs\Python\Python312\Lib\site-packages\django\template\library.py first seen with mtime 1711956468.9219763
File C:\Users\Stiva\AppData\Local\Programs\Python\Python312\Lib\numbers.py first seen with mtime 1707246618.0
File C:\Users\Stiva\AppData\Local\Programs\Python\Python312\Lib\site-packages\django\contrib\admin\widgets.py first seen with mtime 1711956467.5833125
File C:\Users\Stiva\AppData\Local\Programs\Python\Python312\Lib\site-packages\django\template\loader.py first seen with mtime 1711956468.9219763
File C:\Users\Stiva\AppData\Local\Programs\Python\Python312\Lib\site-packages\django\views\generic\list.py first seen with mtime 1711956468.959048
File C:\Users\Stiva\AppData\Local\Programs\Python\Python312\Lib\site-packages\django\db\models\functions\datetime.py first seen with mtime 1711956468.8740017
File C:\Users\Stiva\AppData\Local\Programs\Python\Python312\DLLs\_asyncio.pyd first seen with mtime 1707246652.0
File C:\Users\Stiva\AppData\Local\Programs\Python\Python312\Lib\asyncio\base_tasks.py first seen with mtime 1707246618.0
File C:\Users\Stiva\AppData\Local\Programs\Python\Python312\Lib\site-packages\django\core\cache\backends\filebased.py first seen with mtime 1711956468.7982678
File C:\Users\Stiva\AppData\Local\Programs\Python\Python312\Lib\site-packages\django\db\migrations\operations\base.py first seen with mtime 1711956468.861111
File C:\Users\Stiva\AppData\Local\Programs\Python\Python312\Lib\site-packages\django\db\models\fields\files.py first seen with mtime 1711956468.8690157
File C:\Users\Stiva\AppData\Local\Programs\Python\Python312\Lib\site-packages\django\contrib\auth\apps.py first seen with mtime 1711956467.9356384
File C:\Users\Stiva\AppData\Local\Programs\Python\Python312\Lib\site-packages\django\forms\utils.py first seen with mtime 1711956468.882506
File C:\Users\Stiva\AppData\Local\Programs\Python\Python312\Lib\site-packages\django\db\models\constraints.py first seen with mtime 1711956468.8631117
File C:\Users\Stiva\AppData\Local\Programs\Python\Python312\Lib\site-packages\django\views\decorators\common.py first seen with mtime 1711956468.955624
File C:\Users\Stiva\AppData\Local\Programs\Python\Python312\Lib\collections\__init__.py first seen with mtime 1707246618.0
File C:\Users\Stiva\AppData\Local\Programs\Python\Python312\Lib\email\encoders.py first seen with mtime 1707246618.0
File C:\Users\Stiva\AppData\Local\Programs\Python\Python312\Lib\site-packages\django\urls\converters.py first seen with mtime 1711956468.9338336
File C:\Users\Stiva\AppData\Local\Programs\Python\Python312\Lib\site-packages\django\contrib\auth\admin.py first seen with mtime 1711956467.9356384
File C:\Users\Stiva\AppData\Local\Programs\Python\Python312\Lib\site-packages\django\utils\choices.py first seen with mtime 1711956468.938061
File C:\Users\Stiva\AppData\Local\Programs\Python\Python312\Lib\site-packages\django\db\models\functions\math.py first seen with mtime 1711956468.8740017
File C:\Users\Stiva\AppData\Local\Programs\Python\Python312\Lib\site-packages\django\contrib\sessions\__init__.py first seen with mtime 1711956468.6132047
File C:\Users\Stiva\AppData\Local\Programs\Python\Python312\Lib\site-packages\django\contrib\contenttypes\fields.py first seen with mtime 1711956468.0392005
File C:\Users\Stiva\AppData\Local\Programs\Python\Python312\Lib\site-packages\django\utils\datastructures.py first seen with mtime 1711956468.9390662
File C:\Users\Stiva\AppData\Local\Programs\Python\Python312\Lib\encodings\cp1251.py first seen with mtime 1707246618.0
File C:\Users\Stiva\AppData\Local\Programs\Python\Python312\Lib\html\entities.py first seen with mtime 1707246618.0
File C:\Users\Stiva\AppData\Local\Programs\Python\Python312\Lib\functools.py first seen with mtime 1707246618.0
File C:\Users\Stiva\AppData\Local\Programs\Python\Python312\Lib\site-packages\django\utils\hashable.py first seen with mtime 1711956468.9430585
File C:\Users\Stiva\AppData\Local\Programs\Python\Python312\Lib\site-packages\django\utils\_os.py first seen with mtime 1711956468.93593
File C:\Users\Stiva\AppData\Local\Programs\Python\Python312\Lib\site-packages\PIL\ExifTags.py first seen with mtime 1712860378.6260788
File C:\Users\Stiva\AppData\Local\Programs\Python\Python312\Lib\site-packages\django\urls\base.py first seen with mtime 1711956468.9338336
File C:\Users\Stiva\AppData\Local\Programs\Python\Python312\Lib\site-packages\django\utils\inspect.py first seen with mtime 1711956468.9430585
File C:\Users\Stiva\AppData\Local\Programs\Python\Python312\Lib\site-packages\django\template\loaders\filesystem.py first seen with mtime 1711956468.9274566
File C:\Users\Stiva\AppData\Local\Programs\Python\Python312\Lib\site-packages\sqlparse\engine\grouping.py first seen with mtime 1711956467.096803
File C:\Users\Stiva\AppData\Local\Programs\Python\Python312\Lib\site-packages\django\contrib\messages\utils.py first seen with mtime 1711956468.4250746
File C:\Users\Stiva\AppData\Local\Programs\Python\Python312\Lib\site-packages\django\contrib\contenttypes\forms.py first seen with mtime 1711956468.0392005
File C:\Users\Stiva\AppData\Local\Programs\Python\Python312\Lib\site-packages\django\contrib\messages\api.py first seen with mtime 1711956468.4225779
File C:\Users\Stiva\AppData\Local\Programs\Python\Python312\Lib\site-packages\django\contrib\auth\models.py first seen with mtime 1711956467.9398038
File C:\Users\Stiva\AppData\Local\Programs\Python\Python312\Lib\site-packages\django\utils\lorem_ipsum.py first seen with mtime 1711956468.9460921
File C:\Users\Stiva\AppData\Local\Programs\Python\Python312\Lib\site-packages\django\forms\renderers.py first seen with mtime 1711956468.882506
File C:\Users\Stiva\AppData\Local\Programs\Python\Python312\Lib\site-packages\django\db\models\fields\__init__.py first seen with mtime 1711956468.8690157
File C:\Users\Stiva\AppData\Local\Programs\Python\Python312\Lib\re\_casefix.py first seen with mtime 1707246618.0
File C:\Users\Stiva\AppData\Local\Programs\Python\Python312\Lib\pprint.py first seen with mtime 1707246618.0
File C:\Users\Stiva\AppData\Local\Programs\Python\Python312\Lib\site-packages\django\db\migrations\exceptions.py first seen with mtime 1711956468.8561218
File C:\Users\Stiva\AppData\Local\Programs\Python\Python312\Lib\site-packages\django\core\checks\model_checks.py first seen with mtime 1711956468.8026297
File C:\Users\Stiva\AppData\Local\Programs\Python\Python312\Lib\site-packages\django\core\files\base.py first seen with mtime 1711956468.8070092
File C:\Users\Stiva\AppData\Local\Programs\Python\Python312\Lib\json\encoder.py first seen with mtime 1707246618.0
File C:\Users\Stiva\AppData\Local\Programs\Python\Python312\Lib\site-packages\django\utils\tree.py first seen with mtime 1711956468.9490871
File C:\Users\Stiva\AppData\Local\Programs\Python\Python312\Lib\urllib\response.py first seen with mtime 1707246618.0
File C:\Users\Stiva\AppData\Local\Programs\Python\Python312\Lib\site-packages\django\utils\timesince.py first seen with mtime 1711956468.948089
File C:\Users\Stiva\AppData\Local\Programs\Python\Python312\Lib\asyncio\streams.py first seen with mtime 1707246618.0
File C:\Users\Stiva\AppData\Local\Programs\Python\Python312\Lib\site-packages\django\contrib\staticfiles\management\commands\runserver.py first seen with mtime 1711956468.7908192
File C:\Users\Stiva\AppData\Local\Programs\Python\Python312\Lib\site-packages\django\template\engine.py first seen with mtime 1711956468.92098
File C:\Users\Stiva\AppData\Local\Programs\Python\Python312\Lib\asyncio\runners.py first seen with mtime 1707246618.0
File C:\Users\Stiva\AppData\Local\Programs\Python\Python312\Lib\site-packages\django\contrib\auth\password_validation.py first seen with mtime 1711956467.9408057
File C:\Users\Stiva\AppData\Local\Programs\Python\Python312\Lib\site-packages\django\template\loaders\base.py first seen with mtime 1711956468.9262617
File C:\Users\Stiva\AppData\Local\Programs\Python\Python312\Lib\email\_encoded_words.py first seen with mtime 1707246618.0
File C:\Users\Stiva\AppData\Local\Programs\Python\Python312\Lib\site-packages\django\contrib\admin\exceptions.py first seen with mtime 1711956467.579809
File C:\Users\Stiva\AppData\Local\Programs\Python\Python312\Lib\asyncio\tasks.py first seen with mtime 1707246618.0
File C:\Users\Stiva\AppData\Local\Programs\Python\Python312\Lib\site-packages\django\contrib\admin\actions.py first seen with mtime 1711956467.5768025
File C:\Users\Stiva\AppData\Local\Programs\Python\Python312\DLLs\_socket.pyd first seen with mtime 1707246652.0
File C:\Users\Stiva\AppData\Local\Programs\Python\Python312\Lib\statistics.py first seen with mtime 1707246618.0
File C:\Users\Stiva\AppData\Local\Programs\Python\Python312\Lib\site-packages\django\contrib\messages\__init__.py first seen with mtime 1711956468.4225779
File C:\Users\Stiva\AppData\Local\Programs\Python\Python312\Lib\email\mime\message.py first seen with mtime 1707246618.0
File C:\Users\Stiva\AppData\Local\Programs\Python\Python312\Lib\copy.py first seen with mtime 1707246618.0
File C:\Users\Stiva\AppData\Local\Programs\Python\Python312\Lib\site-packages\django\utils\deconstruct.py first seen with mtime 1711956468.9400666
File C:\Users\Stiva\AppData\Local\Programs\Python\Python312\Lib\email\feedparser.py first seen with mtime 1707246618.0
File C:\Users\Stiva\AppData\Local\Programs\Python\Python312\Lib\site-packages\django\http\multipartparser.py first seen with mtime 1711956468.9131653
File C:\UAFOND\UAFOND\urls.py first seen with mtime 1716890803.0144422
File C:\Users\Stiva\AppData\Local\Programs\Python\Python312\Lib\site-packages\django\contrib\sessions\models.py first seen with mtime 1711956468.614714
File C:\Users\Stiva\AppData\Local\Programs\Python\Python312\Lib\asyncio\log.py first seen with mtime 1707246618.0
File C:\Users\Stiva\AppData\Local\Programs\Python\Python312\Lib\email\headerregistry.py first seen with mtime 1707246618.0
File C:\Users\Stiva\AppData\Local\Programs\Python\Python312\Lib\site-packages\django\contrib\admin\sites.py first seen with mtime 1711956467.5819125
File C:\Users\Stiva\AppData\Local\Programs\Python\Python312\Lib\site-packages\django\core\files\utils.py first seen with mtime 1711956468.8100557
File C:\Users\Stiva\AppData\Local\Programs\Python\Python312\Lib\site-packages\django\core\signing.py first seen with mtime 1711956468.7948096
File C:\Users\Stiva\AppData\Local\Programs\Python\Python312\Lib\gzip.py first seen with mtime 1707246618.0
File C:\Users\Stiva\AppData\Local\Programs\Python\Python312\Lib\site-packages\django\core\files\uploadedfile.py first seen with mtime 1711956468.8090553
File C:\Users\Stiva\AppData\Local\Programs\Python\Python312\Lib\ast.py first seen with mtime 1707246618.0
File C:\Users\Stiva\AppData\Local\Programs\Python\Python312\Lib\operator.py first seen with mtime 1707246618.0
File C:\Users\Stiva\AppData\Local\Programs\Python\Python312\Lib\site-packages\sqlparse\keywords.py first seen with mtime 1711956467.093871
File C:\Users\Stiva\AppData\Local\Programs\Python\Python312\Lib\site-packages\django\db\backends\base\creation.py first seen with mtime 1711956468.8369272
File C:\Users\Stiva\AppData\Local\Programs\Python\Python312\Lib\dataclasses.py first seen with mtime 1707246618.0
File C:\Users\Stiva\AppData\Local\Programs\Python\Python312\Lib\quopri.py first seen with mtime 1707246618.0
File C:\Users\Stiva\AppData\Local\Programs\Python\Python312\Lib\site-packages\django\conf\__init__.py first seen with mtime 1711956467.439541
File C:\Users\Stiva\AppData\Local\Programs\Python\Python312\Lib\email\_parseaddr.py first seen with mtime 1707246618.0
File C:\Users\Stiva\AppData\Local\Programs\Python\Python312\Lib\site-packages\django\template\context.py first seen with mtime 1711956468.9189909
File C:\Users\Stiva\AppData\Local\Programs\Python\Python312\Lib\site-packages\django\core\checks\__init__.py first seen with mtime 1711956468.800632
File C:\Users\Stiva\AppData\Local\Programs\Python\Python312\Lib\asyncio\taskgroups.py first seen with mtime 1707246618.0
File C:\Users\Stiva\AppData\Local\Programs\Python\Python312\Lib\site-packages\django\db\models\functions\text.py first seen with mtime 1711956468.8749988
File C:\Users\Stiva\AppData\Local\Programs\Python\Python312\Lib\keyword.py first seen with mtime 1707246618.0
File C:\Users\Stiva\AppData\Local\Programs\Python\Python312\Lib\site-packages\django\templatetags\cache.py first seen with mtime 1711956468.9284534
File C:\Users\Stiva\AppData\Local\Programs\Python\Python312\Lib\site-packages\django\contrib\staticfiles\finders.py first seen with mtime 1711956468.785884
File C:\Users\Stiva\AppData\Local\Programs\Python\Python312\Lib\site-packages\django\core\handlers\asgi.py first seen with mtime 1711956468.8130472
File C:\Users\Stiva\AppData\Local\Programs\Python\Python312\Lib\site-packages\django\contrib\admin\options.py first seen with mtime 1711956467.5819125
File C:\Users\Stiva\AppData\Local\Programs\Python\Python312\Lib\site-packages\django\core\paginator.py first seen with mtime 1711956468.793302
File C:\Users\Stiva\AppData\Local\Programs\Python\Python312\Lib\site-packages\django\db\backends\utils.py first seen with mtime 1711956468.8359177
File C:\Users\Stiva\AppData\Local\Programs\Python\Python312\Lib\site-packages\django\contrib\auth\validators.py first seen with mtime 1711956467.9417987
File C:\Users\Stiva\AppData\Local\Programs\Python\Python312\Lib\site-packages\django\utils\encoding.py first seen with mtime 1711956468.941064
File C:\Users\Stiva\AppData\Local\Programs\Python\Python312\Lib\site-packages\django\db\backends\sqlite3\client.py first seen with mtime 1711956468.8530972
File C:\Users\Stiva\AppData\Local\Programs\Python\Python312\Lib\site-packages\django\utils\functional.py first seen with mtime 1711956468.9420605
File C:\Users\Stiva\AppData\Local\Programs\Python\Python312\Lib\site-packages\django\core\management\base.py first seen with mtime 1711956468.8187068
File C:\Users\Stiva\AppData\Local\Programs\Python\Python312\Lib\signal.py first seen with mtime 1707246618.0
File C:\Users\Stiva\AppData\Local\Programs\Python\Python312\Lib\logging\config.py first seen with mtime 1707246618.0
File C:\Users\Stiva\AppData\Local\Programs\Python\Python312\Lib\site-packages\django\contrib\admin\models.py first seen with mtime 1711956467.5809076
File C:\Users\Stiva\AppData\Local\Programs\Python\Python312\Lib\site-packages\django\contrib\admin\utils.py first seen with mtime 1711956467.5819125
File C:\Users\Stiva\AppData\Local\Programs\Python\Python312\Lib\site-packages\django\core\management\commands\__init__.py first seen with mtime 1711956468.8204224
File C:\Users\Stiva\AppData\Local\Programs\Python\Python312\Lib\asyncio\base_events.py first seen with mtime 1707246618.0
File C:\Users\Stiva\AppData\Local\Programs\Python\Python312\DLLs\_zoneinfo.pyd first seen with mtime 1707246652.0
File C:\Users\Stiva\AppData\Local\Programs\Python\Python312\Lib\site-packages\django\utils\asyncio.py first seen with mtime 1711956468.936952
File C:\Users\Stiva\AppData\Local\Programs\Python\Python312\Lib\site-packages\django\core\files\storage\handler.py first seen with mtime 1711956468.8120496
File C:\Users\Stiva\AppData\Local\Programs\Python\Python312\Lib\contextvars.py first seen with mtime 1707246618.0
File C:\Users\Stiva\AppData\Local\Programs\Python\Python312\Lib\site-packages\sqlparse\engine\statement_splitter.py first seen with mtime 1711956467.0973084
File C:\Users\Stiva\AppData\Local\Programs\Python\Python312\Lib\site-packages\django\core\cache\backends\__init__.py first seen with mtime 1711956468.7972631
File C:\Users\Stiva\AppData\Local\Programs\Python\Python312\Lib\site-packages\django\contrib\admin\helpers.py first seen with mtime 1711956467.5809076
File C:\Users\Stiva\AppData\Local\Programs\Python\Python312\Lib\ctypes\wintypes.py first seen with mtime 1707246618.0
File C:\Users\Stiva\AppData\Local\Programs\Python\Python312\Lib\sysconfig.py first seen with mtime 1707246618.0
File C:\Users\Stiva\AppData\Local\Programs\Python\Python312\Lib\uuid.py first seen with mtime 1707246618.0
File C:\Users\Stiva\AppData\Local\Programs\Python\Python312\Lib\site-packages\django\utils\regex_helper.py first seen with mtime 1711956468.9470963
File C:\Users\Stiva\AppData\Local\Programs\Python\Python312\Lib\site-packages\django\contrib\admin\decorators.py first seen with mtime 1711956467.5777996
File C:\Users\Stiva\AppData\Local\Programs\Python\Python312\Lib\site-packages\django\core\management\__init__.py first seen with mtime 1711956468.8187068
File C:\Users\Stiva\AppData\Local\Programs\Python\Python312\Lib\__future__.py first seen with mtime 1707246618.0
File C:\Users\Stiva\AppData\Local\Programs\Python\Python312\Lib\asyncio\subprocess.py first seen with mtime 1707246618.0
File C:\Users\Stiva\AppData\Local\Programs\Python\Python312\Lib\asyncio\constants.py first seen with mtime 1707246618.0
File C:\Users\Stiva\AppData\Local\Programs\Python\Python312\Lib\asyncio\transports.py first seen with mtime 1707246618.0
File C:\Users\Stiva\AppData\Local\Programs\Python\Python312\Lib\hashlib.py first seen with mtime 1707246618.0
File C:\Users\Stiva\AppData\Local\Programs\Python\Python312\Lib\site-packages\django\utils\translation\__init__.py first seen with mtime 1711956468.950084
File C:\Users\Stiva\AppData\Local\Programs\Python\Python312\Lib\re\_constants.py first seen with mtime 1707246618.0
File C:\Users\Stiva\AppData\Local\Programs\Python\Python312\Lib\site-packages\django\template\response.py first seen with mtime 1711956468.9229739
File C:\Users\Stiva\AppData\Local\Programs\Python\Python312\Lib\site-packages\sqlparse\filters\output.py first seen with mtime 1711956467.0983093
File C:\Users\Stiva\AppData\Local\Programs\Python\Python312\Lib\site-packages\django\core\files\move.py first seen with mtime 1711956468.8090553
File C:\Users\Stiva\AppData\Local\Programs\Python\Python312\Lib\site-packages\django\views\decorators\csrf.py first seen with mtime 1711956468.9563603
File C:\Users\Stiva\AppData\Local\Programs\Python\Python312\Lib\datetime.py first seen with mtime 1707246618.0
File C:\Users\Stiva\AppData\Local\Programs\Python\Python312\Lib\site-packages\django\core\checks\async_checks.py first seen with mtime 1711956468.800632
File C:\Users\Stiva\AppData\Local\Programs\Python\Python312\Lib\email\mime\nonmultipart.py first seen with mtime 1707246618.0
File C:\Users\Stiva\AppData\Local\Programs\Python\Python312\Lib\site-packages\django\contrib\messages\constants.py first seen with mtime 1711956468.423575
File C:\Users\Stiva\AppData\Local\Programs\Python\Python312\Lib\site-packages\django\db\backends\base\__init__.py first seen with mtime 1711956468.8359177
File C:\Users\Stiva\AppData\Local\Programs\Python\Python312\Lib\site-packages\django\views\generic\edit.py first seen with mtime 1711956468.959048
File C:\Users\Stiva\AppData\Local\Programs\Python\Python312\Lib\site-packages\django\contrib\staticfiles\__init__.py first seen with mtime 1711956468.784842
File C:\Users\Stiva\AppData\Local\Programs\Python\Python312\Lib\site-packages\django\core\signals.py first seen with mtime 1711956468.7948096
File C:\Users\Stiva\AppData\Local\Programs\Python\Python312\Lib\site-packages\django\db\backends\sqlite3\schema.py first seen with mtime 1711956468.8556173
File C:\UAFOND\manage.py first seen with mtime 1711959988.0
File C:\Users\Stiva\AppData\Local\Programs\Python\Python312\Lib\site-packages\django\db\backends\base\client.py first seen with mtime 1711956468.8369272
File C:\Users\Stiva\AppData\Local\Programs\Python\Python312\Lib\site-packages\django\core\mail\utils.py first seen with mtime 1711956468.8155906
File C:\Users\Stiva\AppData\Local\Programs\Python\Python312\Lib\site-packages\django\core\files\storage\memory.py first seen with mtime 1711956468.8120496
File C:\Users\Stiva\AppData\Local\Programs\Python\Python312\Lib\site-packages\django\core\checks\security\sessions.py first seen with mtime 1711956468.8070092
File C:\Users\Stiva\AppData\Local\Programs\Python\Python312\Lib\site-packages\django\http\response.py first seen with mtime 1711956468.9131653
File C:\Users\Stiva\AppData\Local\Programs\Python\Python312\Lib\opcode.py first seen with mtime 1707246618.0
File C:\Users\Stiva\AppData\Local\Programs\Python\Python312\Lib\site-packages\django\db\models\indexes.py first seen with mtime 1711956468.8656304
File C:\Users\Stiva\AppData\Local\Programs\Python\Python312\Lib\site-packages\django\db\backends\sqlite3\features.py first seen with mtime 1711956468.8541121
File C:\Users\Stiva\AppData\Local\Programs\Python\Python312\Lib\asyncio\__init__.py first seen with mtime 1707246618.0
File C:\Users\Stiva\AppData\Local\Programs\Python\Python312\Lib\importlib\__init__.py first seen with mtime 1707246618.0
File C:\Users\Stiva\AppData\Local\Programs\Python\Python312\Lib\argparse.py first seen with mtime 1707246618.0
File C:\Users\Stiva\AppData\Local\Programs\Python\Python312\Lib\site-packages\django\utils\decorators.py first seen with mtime 1711956468.9400666
File C:\Users\Stiva\AppData\Local\Programs\Python\Python312\Lib\site-packages\django\core\mail\__init__.py first seen with mtime 1711956468.8145866
File C:\Users\Stiva\AppData\Local\Programs\Python\Python312\Lib\pickle.py first seen with mtime 1707246618.0
File C:\Users\Stiva\AppData\Local\Programs\Python\Python312\Lib\site-packages\django\template\loader_tags.py first seen with mtime 1711956468.9219763
File C:\Users\Stiva\AppData\Local\Programs\Python\Python312\Lib\site-packages\django\apps\registry.py first seen with mtime 1711956467.4385438
File C:\Users\Stiva\AppData\Local\Programs\Python\Python312\Lib\site-packages\django\db\migrations\utils.py first seen with mtime 1711956468.860114
File C:\Users\Stiva\AppData\Local\Programs\Python\Python312\Lib\re\__init__.py first seen with mtime 1707246618.0
File C:\Users\Stiva\AppData\Local\Programs\Python\Python312\Lib\site-packages\django\contrib\sessions\apps.py first seen with mtime 1711956468.6132047
File C:\Users\Stiva\AppData\Local\Programs\Python\Python312\Lib\site-packages\django\apps\__init__.py first seen with mtime 1711956467.4385438
File C:\Users\Stiva\AppData\Local\Programs\Python\Python312\Lib\site-packages\django\db\models\functions\__init__.py first seen with mtime 1711956468.8730047
File C:\Users\Stiva\AppData\Local\Programs\Python\Python312\Lib\locale.py first seen with mtime 1707246618.0
File C:\Users\Stiva\AppData\Local\Programs\Python\Python312\Lib\site-packages\django\http\__init__.py first seen with mtime 1711956468.912167
File C:\Users\Stiva\AppData\Local\Programs\Python\Python312\Lib\site-packages\django\db\utils.py first seen with mtime 1711956468.8349073
File C:\Users\Stiva\AppData\Local\Programs\Python\Python312\Lib\site-packages\PIL\_version.py first seen with mtime 1712860378.6748989
File C:\Users\Stiva\AppData\Local\Programs\Python\Python312\Lib\site-packages\django\contrib\contenttypes\models.py first seen with mtime 1711956468.0401983
File C:\Users\Stiva\AppData\Local\Programs\Python\Python312\Lib\site-packages\django\template\smartif.py first seen with mtime 1711956468.9229739
File C:\Users\Stiva\AppData\Local\Programs\Python\Python312\Lib\textwrap.py first seen with mtime 1707246618.0
File C:\Users\Stiva\AppData\Local\Programs\Python\Python312\Lib\_weakrefset.py first seen with mtime 1707246618.0
File C:\Users\Stiva\AppData\Local\Programs\Python\Python312\Lib\site-packages\django\utils\numberformat.py first seen with mtime 1711956468.9470963
File C:\Users\Stiva\AppData\Local\Programs\Python\Python312\Lib\site-packages\django\db\models\fields\related.py first seen with mtime 1711956468.8710108
File C:\Users\Stiva\AppData\Local\Programs\Python\Python312\Lib\platform.py first seen with mtime 1707246618.0
File C:\Users\Stiva\AppData\Local\Programs\Python\Python312\Lib\site-packages\django\templatetags\i18n.py first seen with mtime 1711956468.9284534
File C:\Users\Stiva\AppData\Local\Programs\Python\Python312\Lib\bisect.py first seen with mtime 1707246618.0
File C:\Users\Stiva\AppData\Local\Programs\Python\Python312\Lib\site-packages\django\db\models\functions\window.py first seen with mtime 1711956468.8755045
File C:\Users\Stiva\AppData\Local\Programs\Python\Python312\Lib\email\mime\text.py first seen with mtime 1707246618.0
File C:\Users\Stiva\AppData\Local\Programs\Python\Python312\Lib\site-packages\django\db\migrations\operations\models.py first seen with mtime 1711956468.862109
File C:\Users\Stiva\AppData\Local\Programs\Python\Python312\Lib\site-packages\django\dispatch\dispatcher.py first seen with mtime 1711956468.8785124
File C:\Users\Stiva\AppData\Local\Programs\Python\Python312\Lib\site-packages\django\http\request.py first seen with mtime 1711956468.9131653
File C:\Users\Stiva\AppData\Local\Programs\Python\Python312\Lib\site-packages\django\core\checks\templates.py first seen with mtime 1711956468.8036273
File C:\Users\Stiva\AppData\Local\Programs\Python\Python312\Lib\site-packages\django\db\backends\base\validation.py first seen with mtime 1711956468.8391
File C:\Users\Stiva\AppData\Local\Programs\Python\Python312\Lib\site-packages\django\core\checks\messages.py first seen with mtime 1711956468.8016322
File C:\Users\Stiva\AppData\Local\Programs\Python\Python312\Lib\site-packages\PIL\ImageMode.py first seen with mtime 1712860378.63627
File C:\Users\Stiva\AppData\Local\Programs\Python\Python312\Lib\site-packages\django\views\generic\base.py first seen with mtime 1711956468.9578667
File C:\Users\Stiva\AppData\Local\Programs\Python\Python312\Lib\site-packages\django\core\checks\compatibility\__init__.py first seen with mtime 1711956468.804624
File C:\Users\Stiva\AppData\Local\Programs\Python\Python312\Lib\site-packages\django\urls\resolvers.py first seen with mtime 1711956468.934831
File C:\Users\Stiva\AppData\Local\Programs\Python\Python312\Lib\site-packages\django\contrib\staticfiles\handlers.py first seen with mtime 1711956468.785884
File C:\Users\Stiva\AppData\Local\Programs\Python\Python312\Lib\site-packages\django\core\serializers\__init__.py first seen with mtime 1711956468.830204
File C:\Users\Stiva\AppData\Local\Programs\Python\Python312\Lib\email\message.py first seen with mtime 1707246618.0
File C:\Users\Stiva\AppData\Local\Programs\Python\Python312\Lib\asyncio\events.py first seen with mtime 1707246618.0
File C:\Users\Stiva\AppData\Local\Programs\Python\Python312\Lib\site-packages\sqlparse\engine\__init__.py first seen with mtime 1711956467.095879
File C:\Users\Stiva\AppData\Local\Programs\Python\Python312\Lib\site-packages\django\template\backends\django.py first seen with mtime 1711956468.9239779
File C:\Users\Stiva\AppData\Local\Programs\Python\Python312\Lib\site-packages\sqlparse\tokens.py first seen with mtime 1711956467.0953746
File C:\Users\Stiva\AppData\Local\Programs\Python\Python312\Lib\wsgiref\__init__.py first seen with mtime 1707246618.0
File C:\Users\Stiva\AppData\Local\Programs\Python\Python312\Lib\multiprocessing\reduction.py first seen with mtime 1707246618.0
File C:\Users\Stiva\AppData\Local\Programs\Python\Python312\Lib\json\scanner.py first seen with mtime 1707246618.0
File C:\Users\Stiva\AppData\Local\Programs\Python\Python312\Lib\site-packages\django\template\utils.py first seen with mtime 1711956468.9229739
File C:\Users\Stiva\AppData\Local\Programs\Python\Python312\Lib\asyncio\coroutines.py first seen with mtime 1707246618.0
File C:\Users\Stiva\AppData\Local\Programs\Python\Python312\Lib\urllib\__init__.py first seen with mtime 1707246618.0
File C:\Users\Stiva\AppData\Local\Programs\Python\Python312\Lib\calendar.py first seen with mtime 1707246618.0
File C:\Users\Stiva\AppData\Local\Programs\Python\Python312\DLLs\_queue.pyd first seen with mtime 1707246650.0
File C:\Users\Stiva\AppData\Local\Programs\Python\Python312\Lib\site-packages\django\contrib\auth\signals.py first seen with mtime 1711956467.9408057
File C:\Users\Stiva\AppData\Local\Programs\Python\Python312\Lib\graphlib.py first seen with mtime 1707246618.0
File C:\Users\Stiva\AppData\Local\Programs\Python\Python312\Lib\site-packages\django\core\handlers\exception.py first seen with mtime 1711956468.8145866
File C:\Users\Stiva\AppData\Local\Programs\Python\Python312\Lib\site-packages\django\contrib\__init__.py first seen with mtime 1711956467.5758002
File C:\Users\Stiva\AppData\Local\Programs\Python\Python312\Lib\site-packages\django\template\loaders\app_directories.py first seen with mtime 1711956468.9262617
File C:\Users\Stiva\AppData\Local\Programs\Python\Python312\Lib\site-packages\django\db\models\enums.py first seen with mtime 1711956468.8646247
File C:\Users\Stiva\AppData\Local\Programs\Python\Python312\Lib\zoneinfo\_common.py first seen with mtime 1707246618.0
File C:\Users\Stiva\AppData\Local\Programs\Python\Python312\Lib\site-packages\django\db\models\__init__.py first seen with mtime 1711956468.862109
File C:\Users\Stiva\AppData\Local\Programs\Python\Python312\Lib\site-packages\django\core\checks\security\csrf.py first seen with mtime 1711956468.8065026
File C:\Users\Stiva\AppData\Local\Programs\Python\Python312\Lib\site-packages\django\contrib\admin\filters.py first seen with mtime 1711956467.579809
File C:\Users\Stiva\AppData\Local\Programs\Python\Python312\Lib\site-packages\django\template\backends\base.py first seen with mtime 1711956468.9239779
File C:\Users\Stiva\AppData\Local\Programs\Python\Python312\Lib\site-packages\django\contrib\admin\templatetags\admin_modify.py first seen with mtime 1711956467.843199
File C:\Users\Stiva\AppData\Local\Programs\Python\Python312\Lib\traceback.py first seen with mtime 1707246618.0
File C:\Users\Stiva\AppData\Local\Programs\Python\Python312\Lib\site-packages\django\views\generic\dates.py first seen with mtime 1711956468.9578667
File C:\Users\Stiva\AppData\Local\Programs\Python\Python312\Lib\logging\__init__.py first seen with mtime 1707246618.0
File C:\Users\Stiva\AppData\Local\Programs\Python\Python312\Lib\site-packages\sqlparse\filters\others.py first seen with mtime 1711956467.0983093
File C:\Users\Stiva\AppData\Local\Programs\Python\Python312\Lib\site-packages\django\middleware\cache.py first seen with mtime 1711956468.9156768
File C:\Users\Stiva\AppData\Local\Programs\Python\Python312\Lib\site-packages\django\__init__.py first seen with mtime 1711956467.4375439
File C:\Users\Stiva\AppData\Local\Programs\Python\Python312\DLLs\_ssl.pyd first seen with mtime 1707246652.0
File C:\Users\Stiva\AppData\Local\Programs\Python\Python312\Lib\site-packages\django\http\cookie.py first seen with mtime 1711956468.9131653
File C:\Users\Stiva\AppData\Local\Programs\Python\Python312\Lib\site-packages\django\core\checks\compatibility\django_4_0.py first seen with mtime 1711956468.8051279
File C:\Users\Stiva\AppData\Local\Programs\Python\Python312\Lib\site-packages\django\utils\log.py first seen with mtime 1711956468.9455872
File C:\Users\Stiva\AppData\Local\Programs\Python\Python312\Lib\site-packages\django\views\generic\detail.py first seen with mtime 1711956468.959048
File C:\Users\Stiva\AppData\Local\Programs\Python\Python312\Lib\gettext.py first seen with mtime 1707246618.0
File C:\Users\Stiva\AppData\Local\Programs\Python\Python312\Lib\site-packages\django\core\cache\backends\base.py first seen with mtime 1711956468.7972631
File C:\Users\Stiva\AppData\Local\Programs\Python\Python312\Lib\decimal.py first seen with mtime 1707246618.0
File C:\Users\Stiva\AppData\Local\Programs\Python\Python312\Lib\site-packages\django\core\files\locks.py first seen with mtime 1711956468.8080096
File C:\Users\Stiva\AppData\Local\Programs\Python\Python312\Lib\site-packages\PIL\__init__.py first seen with mtime 1712860378.6519787
File C:\Users\Stiva\AppData\Local\Programs\Python\Python312\Lib\site-packages\django\contrib\contenttypes\management\__init__.py first seen with mtime 1711956468.1224215
File C:\Users\Stiva\AppData\Local\Programs\Python\Python312\Lib\secrets.py first seen with mtime 1707246618.0
File C:\Users\Stiva\AppData\Local\Programs\Python\Python312\Lib\wsgiref\handlers.py first seen with mtime 1707246618.0
File C:\Users\Stiva\AppData\Local\Programs\Python\Python312\Lib\site-packages\django\forms\forms.py first seen with mtime 1711956468.8805068
File C:\Users\Stiva\AppData\Local\Programs\Python\Python312\Lib\site-packages\django\db\models\options.py first seen with mtime 1711956468.8670185
File C:\Users\Stiva\AppData\Local\Programs\Python\Python312\Lib\site-packages\django\apps\config.py first seen with mtime 1711956467.4385438
File C:\Users\Stiva\AppData\Local\Programs\Python\Python312\Lib\site-packages\django\forms\widgets.py first seen with mtime 1711956468.882506
File C:\Users\Stiva\AppData\Local\Programs\Python\Python312\Lib\site-packages\django\db\models\fields\mixins.py first seen with mtime 1711956468.8710108
File C:\Users\Stiva\AppData\Local\Programs\Python\Python312\Lib\site-packages\django\urls\utils.py first seen with mtime 1711956468.934831
File C:\Users\Stiva\AppData\Local\Programs\Python\Python312\Lib\ipaddress.py first seen with mtime 1707246618.0
File C:\Users\Stiva\AppData\Local\Programs\Python\Python312\Lib\site-packages\django\db\migrations\__init__.py first seen with mtime 1711956468.8556173
File C:\Users\Stiva\AppData\Local\Programs\Python\Python312\Lib\ssl.py first seen with mtime 1707246618.0
File C:\Users\Stiva\AppData\Local\Programs\Python\Python312\Lib\site-packages\django\core\serializers\python.py first seen with mtime 1711956468.8321986
File C:\Users\Stiva\AppData\Local\Programs\Python\Python312\Lib\asyncio\trsock.py first seen with mtime 1707246618.0
File C:\Users\Stiva\AppData\Local\Programs\Python\Python312\Lib\site-packages\django\db\models\fields\reverse_related.py first seen with mtime 1711956468.8730047
File C:\Users\Stiva\AppData\Local\Programs\Python\Python312\Lib\site-packages\django\contrib\staticfiles\views.py first seen with mtime 1711956468.788589
File C:\Users\Stiva\AppData\Local\Programs\Python\Python312\Lib\bz2.py first seen with mtime 1707246618.0
File C:\Users\Stiva\AppData\Local\Programs\Python\Python312\Lib\site-packages\django\db\migrations\operations\__init__.py first seen with mtime 1711956468.860114
File C:\Users\Stiva\AppData\Local\Programs\Python\Python312\Lib\email\_header_value_parser.py first seen with mtime 1707246618.0
File C:\Users\Stiva\AppData\Local\Programs\Python\Python312\Lib\site-packages\django\core\files\__init__.py first seen with mtime 1711956468.8070092
File C:\UAFOND\UAFOND\settings.py first seen with mtime 1717050884.0506635
File C:\Users\Stiva\AppData\Local\Programs\Python\Python312\Lib\site-packages\django\db\models\sql\where.py first seen with mtime 1711956468.8785124
File C:\Users\Stiva\AppData\Local\Programs\Python\Python312\Lib\urllib\parse.py first seen with mtime 1707246618.0
File C:\Users\Stiva\AppData\Local\Programs\Python\Python312\Lib\site-packages\django\db\backends\ddl_references.py first seen with mtime 1711956468.835415
File C:\UAFOND\UAFOND\models.py first seen with mtime 1716724248.0
File C:\Users\Stiva\AppData\Local\Programs\Python\Python312\Lib\email\charset.py first seen with mtime 1707246618.0
File C:\Users\Stiva\AppData\Local\Programs\Python\Python312\Lib\site-packages\django\contrib\contenttypes\views.py first seen with mtime 1711956468.0401983
File C:\Users\Stiva\AppData\Local\Programs\Python\Python312\Lib\selectors.py first seen with mtime 1707246618.0
File C:\Users\Stiva\AppData\Local\Programs\Python\Python312\Lib\site-packages\django\db\migrations\migration.py first seen with mtime 1711956468.8581183
File C:\Users\Stiva\AppData\Local\Programs\Python\Python312\Lib\site-packages\django\contrib\auth\base_user.py first seen with mtime 1711956467.936809
File C:\Users\Stiva\AppData\Local\Programs\Python\Python312\Lib\site-packages\django\utils\safestring.py first seen with mtime 1711956468.9470963
File C:\Users\Stiva\AppData\Local\Programs\Python\Python312\Lib\fractions.py first seen with mtime 1707246618.0
File C:\Users\Stiva\AppData\Local\Programs\Python\Python312\Lib\sqlite3\dbapi2.py first seen with mtime 1707246618.0
File C:\Users\Stiva\AppData\Local\Programs\Python\Python312\Lib\site-packages\sqlparse\utils.py first seen with mtime 1711956467.095879
File C:\Users\Stiva\AppData\Local\Programs\Python\Python312\Lib\asyncio\sslproto.py first seen with mtime 1707246618.0
File C:\Users\Stiva\AppData\Local\Programs\Python\Python312\Lib\wsgiref\util.py first seen with mtime 1707246618.0
File C:\Users\Stiva\AppData\Local\Programs\Python\Python312\Lib\site-packages\django\db\backends\base\operations.py first seen with mtime 1711956468.8391
File C:\Users\Stiva\AppData\Local\Programs\Python\Python312\Lib\site-packages\django\utils\termcolors.py first seen with mtime 1711956468.948089
File C:\Users\Stiva\AppData\Local\Programs\Python\Python312\Lib\email\quoprimime.py first seen with mtime 1707246618.0
File C:\Users\Stiva\AppData\Local\Programs\Python\Python312\Lib\site-packages\django\urls\__init__.py first seen with mtime 1711956468.9324427
File C:\Users\Stiva\AppData\Local\Programs\Python\Python312\Lib\queue.py first seen with mtime 1707246618.0
File C:\Users\Stiva\AppData\Local\Programs\Python\Python312\Lib\site-packages\django\contrib\admin\views\autocomplete.py first seen with mtime 1711956467.8447056
File C:\Users\Stiva\AppData\Local\Programs\Python\Python312\Lib\site-packages\sqlparse\sql.py first seen with mtime 1711956467.0953746
File C:\Users\Stiva\AppData\Local\Programs\Python\Python312\Lib\site-packages\django\views\defaults.py first seen with mtime 1711956468.9536052
File C:\Users\Stiva\AppData\Local\Programs\Python\Python312\Lib\email\generator.py first seen with mtime 1707246618.0
File C:\Users\Stiva\AppData\Local\Programs\Python\Python312\Lib\site-packages\django\utils\version.py first seen with mtime 1711956468.950084
File C:\Users\Stiva\AppData\Local\Programs\Python\Python312\Lib\site-packages\django\contrib\staticfiles\checks.py first seen with mtime 1711956468.785884
File C:\Users\Stiva\AppData\Local\Programs\Python\Python312\Lib\site-packages\django\db\models\fields\related_descriptors.py first seen with mtime 1711956468.8720138
File C:\Users\Stiva\AppData\Local\Programs\Python\Python312\Lib\site-packages\django\db\models\deletion.py first seen with mtime 1711956468.8646247
File C:\Users\Stiva\AppData\Local\Programs\Python\Python312\Lib\site-packages\django\contrib\admin\templatetags\log.py first seen with mtime 1711956467.8447056
File C:\Users\Stiva\AppData\Local\Programs\Python\Python312\Lib\site-packages\django\templatetags\__init__.py first seen with mtime 1711956468.9274566
File C:\Users\Stiva\AppData\Local\Programs\Python\Python312\Lib\site-packages\django\views\decorators\__init__.py first seen with mtime 1711956468.9546027
File C:\Users\Stiva\AppData\Local\Programs\Python\Python312\Lib\pkgutil.py first seen with mtime 1707246618.0
File C:\Users\Stiva\AppData\Local\Programs\Python\Python312\DLLs\_uuid.pyd first seen with mtime 1707246650.0
File C:\Users\Stiva\AppData\Local\Programs\Python\Python312\Lib\site-packages\django\db\models\sql\__init__.py first seen with mtime 1711956468.8755045
File C:\Users\Stiva\AppData\Local\Programs\Python\Python312\Lib\encodings\utf_8.py first seen with mtime 1707246618.0
File C:\Users\Stiva\AppData\Local\Programs\Python\Python312\Lib\html\__init__.py first seen with mtime 1707246618.0
File C:\Users\Stiva\AppData\Local\Programs\Python\Python312\Lib\site-packages\django\core\servers\basehttp.py first seen with mtime 1711956468.8333976
File C:\Users\Stiva\AppData\Local\Programs\Python\Python312\Lib\site-packages\sqlparse\__init__.py first seen with mtime 1711956467.0928714
File C:\Users\Stiva\AppData\Local\Programs\Python\Python312\Lib\site-packages\django\db\backends\sqlite3\_functions.py first seen with mtime 1711956468.8519864
File C:\Users\Stiva\AppData\Local\Programs\Python\Python312\Lib\http\cookies.py first seen with mtime 1707246618.0
File C:\Users\Stiva\AppData\Local\Programs\Python\Python312\Lib\tempfile.py first seen with mtime 1707246618.0
File C:\Users\Stiva\AppData\Local\Programs\Python\Python312\Lib\site-packages\sqlparse\filters\aligned_indent.py first seen with mtime 1711956467.0973084
File C:\Users\Stiva\AppData\Local\Programs\Python\Python312\Lib\site-packages\django\utils\html.py first seen with mtime 1711956468.9430585
File C:\Users\Stiva\AppData\Local\Programs\Python\Python312\Lib\site-packages\sqlparse\exceptions.py first seen with mtime 1711956467.093871
File C:\Users\Stiva\AppData\Local\Programs\Python\Python312\Lib\site-packages\django\db\models\query.py first seen with mtime 1711956468.8670185
File C:\Users\Stiva\AppData\Local\Programs\Python\Python312\Lib\html\parser.py first seen with mtime 1707246618.0
File C:\Users\Stiva\AppData\Local\Programs\Python\Python312\Lib\json\decoder.py first seen with mtime 1707246618.0
File C:\Users\Stiva\AppData\Local\Programs\Python\Python312\Lib\http\__init__.py first seen with mtime 1707246618.0
File C:\Users\Stiva\AppData\Local\Programs\Python\Python312\Lib\site-packages\django\contrib\staticfiles\management\commands\__init__.py first seen with mtime 1711956468.788589
File C:\Users\Stiva\AppData\Local\Programs\Python\Python312\Lib\multiprocessing\__init__.py first seen with mtime 1707246618.0
File C:\Users\Stiva\AppData\Local\Programs\Python\Python312\Lib\site-packages\django\db\migrations\operations\fields.py first seen with mtime 1711956468.861111
File C:\Users\Stiva\AppData\Local\Programs\Python\Python312\Lib\encodings\__init__.py first seen with mtime 1707246618.0
File C:\Users\Stiva\AppData\Local\Programs\Python\Python312\Lib\site-packages\django\db\models\aggregates.py first seen with mtime 1711956468.8631117
File C:\Users\Stiva\AppData\Local\Programs\Python\Python312\Lib\contextlib.py first seen with mtime 1707246618.0
File C:\Users\Stiva\AppData\Local\Programs\Python\Python312\Lib\site-packages\django\forms\fields.py first seen with mtime 1711956468.8805068
File C:\Users\Stiva\AppData\Local\Programs\Python\Python312\Lib\site-packages\django\core\handlers\__init__.py first seen with mtime 1711956468.8130472
File C:\Users\Stiva\AppData\Local\Programs\Python\Python312\Lib\site-packages\django\db\backends\sqlite3\base.py first seen with mtime 1711956468.8530972
File C:\Users\Stiva\AppData\Local\Programs\Python\Python312\Lib\site-packages\django\views\decorators\debug.py first seen with mtime 1711956468.9563603
File C:\Users\Stiva\AppData\Local\Programs\Python\Python312\Lib\site-packages\django\contrib\auth\tokens.py first seen with mtime 1711956467.9408057
File C:\Users\Stiva\AppData\Local\Programs\Python\Python312\Lib\pathlib.py first seen with mtime 1707246618.0
File C:\Users\Stiva\AppData\Local\Programs\Python\Python312\Lib\site-packages\django\db\models\lookups.py first seen with mtime 1711956468.8665125
File C:\Users\Stiva\AppData\Local\Programs\Python\Python312\Lib\site-packages\django\db\backends\base\base.py first seen with mtime 1711956468.8369272
File C:\Users\Stiva\AppData\Local\Programs\Python\Python312\Lib\site-packages\django\core\cache\utils.py first seen with mtime 1711956468.7958105
File C:\Users\Stiva\AppData\Local\Programs\Python\Python312\Lib\concurrent\__init__.py first seen with mtime 1707246618.0
File C:\Users\Stiva\AppData\Local\Programs\Python\Python312\Lib\site-packages\django\utils\crypto.py first seen with mtime 1711956468.938061
File C:\Users\Stiva\AppData\Local\Programs\Python\Python312\Lib\urllib\request.py first seen with mtime 1707246618.0
File C:\Users\Stiva\AppData\Local\Programs\Python\Python312\Lib\random.py first seen with mtime 1707246618.0
File C:\Users\Stiva\AppData\Local\Programs\Python\Python312\Lib\site-packages\django\db\__init__.py first seen with mtime 1711956468.8339012
File C:\Users\Stiva\AppData\Local\Programs\Python\Python312\Lib\site-packages\django\core\files\uploadhandler.py first seen with mtime 1711956468.8100557
File C:\Users\Stiva\AppData\Local\Programs\Python\Python312\Lib\site-packages\django\contrib\sessions\base_session.py first seen with mtime 1711956468.6132047
File C:\Users\Stiva\AppData\Local\Programs\Python\Python312\Lib\site-packages\django\utils\ipv6.py first seen with mtime 1711956468.9445868
File C:\Users\Stiva\AppData\Local\Programs\Python\Python312\Lib\site-packages\django\forms\models.py first seen with mtime 1711956468.8815026
File C:\Users\Stiva\AppData\Local\Programs\Python\Python312\Lib\site-packages\django\db\models\sql\constants.py first seen with mtime 1711956468.8765142
File C:\Users\Stiva\AppData\Local\Programs\Python\Python312\Lib\site-packages\django\db\models\query_utils.py first seen with mtime 1711956468.8680189
File C:\Users\Stiva\AppData\Local\Programs\Python\Python312\Lib\email\contentmanager.py first seen with mtime 1707246618.0
File C:\Users\Stiva\AppData\Local\Programs\Python\Python312\Lib\site-packages\django\template\backends\__init__.py first seen with mtime 1711956468.9239779
File C:\Users\Stiva\AppData\Local\Programs\Python\Python312\Lib\warnings.py first seen with mtime 1707246618.0
File C:\Users\Stiva\AppData\Local\Programs\Python\Python312\DLLs\_hashlib.pyd first seen with mtime 1707246652.0
File C:\Users\Stiva\AppData\Local\Programs\Python\Python312\Lib\site-packages\django\conf\urls\__init__.py first seen with mtime 1711956467.5758002
File C:\Users\Stiva\AppData\Local\Programs\Python\Python312\Lib\email\_policybase.py first seen with mtime 1707246618.0
File C:\UAFOND\UAFOND\views.py first seen with mtime 1717050733.8361573
File C:\Users\Stiva\AppData\Local\Programs\Python\Python312\Lib\site-packages\django\contrib\staticfiles\management\__init__.py first seen with mtime 1711956468.788589
File C:\Users\Stiva\AppData\Local\Programs\Python\Python312\Lib\site-packages\django\db\models\functions\comparison.py first seen with mtime 1711956468.8730047
File C:\Users\Stiva\AppData\Local\Programs\Python\Python312\Lib\linecache.py first seen with mtime 1707246618.0
File C:\Users\Stiva\AppData\Local\Programs\Python\Python312\Lib\asyncio\base_futures.py first seen with mtime 1707246618.0
File C:\Users\Stiva\AppData\Local\Programs\Python\Python312\Lib\site-packages\django\template\defaultfilters.py first seen with mtime 1711956468.9199824
File C:\Users\Stiva\AppData\Local\Programs\Python\Python312\Lib\site-packages\django\utils\duration.py first seen with mtime 1711956468.941064
File C:\Users\Stiva\AppData\Local\Programs\Python\Python312\Lib\site-packages\django\utils\connection.py first seen with mtime 1711956468.938061
File C:\Users\Stiva\AppData\Local\Programs\Python\Python312\Lib\site-packages\django\contrib\auth\__init__.py first seen with mtime 1711956467.9347408
File C:\Users\Stiva\AppData\Local\Programs\Python\Python312\Lib\site-packages\django\contrib\admin\views\__init__.py first seen with mtime 1711956467.8447056
File C:\Users\Stiva\AppData\Local\Programs\Python\Python312\Lib\site-packages\django\contrib\auth\checks.py first seen with mtime 1711956467.936809
File C:\Users\Stiva\AppData\Local\Programs\Python\Python312\Lib\asyncio\proactor_events.py first seen with mtime 1707246618.0
File C:\Users\Stiva\AppData\Local\Programs\Python\Python312\Lib\site-packages\django\core\checks\security\base.py first seen with mtime 1711956468.8056324
File C:\Users\Stiva\AppData\Local\Programs\Python\Python312\Lib\email\mime\base.py first seen with mtime 1707246618.0
File C:\Users\Stiva\AppData\Local\Programs\Python\Python312\Lib\asyncio\exceptions.py first seen with mtime 1707246618.0
File C:\Users\Stiva\AppData\Local\Programs\Python\Python312\Lib\site-packages\django\db\models\sql\datastructures.py first seen with mtime 1711956468.8765142
File C:\Users\Stiva\AppData\Local\Programs\Python\Python312\Lib\email\mime\multipart.py first seen with mtime 1707246618.0
File C:\Users\Stiva\AppData\Local\Programs\Python\Python312\Lib\string.py first seen with mtime 1707246618.0
File C:\Users\Stiva\AppData\Local\Programs\Python\Python312\Lib\site-packages\django\db\backends\sqlite3\introspection.py first seen with mtime 1711956468.8546174
File C:\Users\Stiva\AppData\Local\Programs\Python\Python312\Lib\site-packages\django\template\defaulttags.py first seen with mtime 1711956468.9199824
File C:\Users\Stiva\AppData\Local\Programs\Python\Python312\Lib\ctypes\__init__.py first seen with mtime 1707246618.0
File C:\Users\Stiva\AppData\Local\Programs\Python\Python312\Lib\site-packages\django\contrib\admin\apps.py first seen with mtime 1711956467.5768025
File C:\Users\Stiva\AppData\Local\Programs\Python\Python312\Lib\heapq.py first seen with mtime 1707246618.0
File C:\Users\Stiva\AppData\Local\Programs\Python\Python312\Lib\site-packages\django\dispatch\__init__.py first seen with mtime 1711956468.8785124
File C:\Users\Stiva\AppData\Local\Programs\Python\Python312\Lib\site-packages\django\contrib\sites\shortcuts.py first seen with mtime 1711956468.70302
File C:\Users\Stiva\AppData\Local\Programs\Python\Python312\Lib\site-packages\django\db\models\base.py first seen with mtime 1711956468.8631117
File C:\Users\Stiva\AppData\Local\Programs\Python\Python312\Lib\site-packages\django\core\servers\__init__.py first seen with mtime 1711956468.8321986
File C:\Users\Stiva\AppData\Local\Programs\Python\Python312\Lib\site-packages\django\contrib\contenttypes\checks.py first seen with mtime 1711956468.0382035
File C:\Users\Stiva\AppData\Local\Programs\Python\Python312\Lib\site-packages\django\views\decorators\cache.py first seen with mtime 1711956468.955114
File C:\Users\Stiva\AppData\Local\Programs\Python\Python312\Lib\site-packages\django\core\files\images.py first seen with mtime 1711956468.8080096
File C:\Users\Stiva\AppData\Local\Programs\Python\Python312\Lib\site-packages\sqlparse\filters\__init__.py first seen with mtime 1711956467.0973084
File C:\Users\Stiva\AppData\Local\Programs\Python\Python312\Lib\site-packages\django\contrib\contenttypes\__init__.py first seen with mtime 1711956468.0372033
File C:\Users\Stiva\AppData\Local\Programs\Python\Python312\Lib\site-packages\PIL\Image.py first seen with mtime 1712860378.6319876
File C:\Users\Stiva\AppData\Local\Programs\Python\Python312\Lib\site-packages\django\contrib\admin\views\main.py first seen with mtime 1711956467.845706
File C:\Users\Stiva\AppData\Local\Programs\Python\Python312\Lib\site-packages\django\utils\module_loading.py first seen with mtime 1711956468.9460921
File C:\Users\Stiva\AppData\Local\Programs\Python\Python312\Lib\zoneinfo\_tzpath.py first seen with mtime 1707246618.0
File C:\Users\Stiva\AppData\Local\Programs\Python\Python312\Lib\site-packages\django\utils\cache.py first seen with mtime 1711956468.936952
File C:\Users\Stiva\AppData\Local\Programs\Python\Python312\Lib\site-packages\django\core\files\storage\filesystem.py first seen with mtime 1711956468.811057
File C:\Users\Stiva\AppData\Local\Programs\Python\Python312\Lib\site-packages\django\middleware\csrf.py first seen with mtime 1711956468.9156768
File C:\Users\Stiva\AppData\Local\Programs\Python\Python312\Lib\importlib\_abc.py first seen with mtime 1707246618.0
File C:\Users\Stiva\AppData\Local\Programs\Python\Python312\Lib\site-packages\django\core\checks\database.py first seen with mtime 1711956468.8016322
File C:\Users\Stiva\AppData\Local\Programs\Python\Python312\Lib\site-packages\django\db\models\fields\json.py first seen with mtime 1711956468.8700125
File C:\Users\Stiva\AppData\Local\Programs\Python\Python312\Lib\site-packages\django\db\migrations\operations\special.py first seen with mtime 1711956468.862109
File C:\Users\Stiva\AppData\Local\Programs\Python\Python312\Lib\site-packages\django\contrib\contenttypes\apps.py first seen with mtime 1711956468.0382035
File C:\Users\Stiva\AppData\Local\Programs\Python\Python312\Lib\site-packages\django\db\backends\base\introspection.py first seen with mtime 1711956468.8380942
File C:\Users\Stiva\AppData\Local\Programs\Python\Python312\Lib\site-packages\django\contrib\admin\templatetags\admin_list.py first seen with mtime 1711956467.843199
File C:\Users\Stiva\AppData\Local\Programs\Python\Python312\DLLs\_lzma.pyd first seen with mtime 1707246652.0
File C:\Users\Stiva\AppData\Local\Programs\Python\Python312\Lib\site-packages\django\core\checks\registry.py first seen with mtime 1711956468.8026297
File C:\Users\Stiva\AppData\Local\Programs\Python\Python312\Lib\site-packages\django\views\debug.py first seen with mtime 1711956468.952612
File C:\Users\Stiva\AppData\Local\Programs\Python\Python312\Lib\site-packages\django\db\backends\sqlite3\operations.py first seen with mtime 1711956468.8546174
File C:\Users\Stiva\AppData\Local\Programs\Python\Python312\Lib\nturl2path.py first seen with mtime 1707246618.0
File C:\Users\Stiva\AppData\Local\Programs\Python\Python312\Lib\email\header.py first seen with mtime 1707246618.0
File C:\Users\Stiva\AppData\Local\Programs\Python\Python312\DLLs\_overlapped.pyd first seen with mtime 1707246652.0
File C:\Users\Stiva\AppData\Local\Programs\Python\Python312\Lib\copyreg.py first seen with mtime 1707246618.0
File C:\Users\Stiva\AppData\Local\Programs\Python\Python312\Lib\site-packages\sqlparse\filters\tokens.py first seen with mtime 1711956467.0993063
File C:\Users\Stiva\AppData\Local\Programs\Python\Python312\Lib\site-packages\django\db\models\utils.py first seen with mtime 1711956468.8690157
File C:\Users\Stiva\AppData\Local\Programs\Python\Python312\Lib\concurrent\futures\__init__.py first seen with mtime 1707246618.0
File C:\Users\Stiva\AppData\Local\Programs\Python\Python312\Lib\getpass.py first seen with mtime 1707246618.0
File C:\Users\Stiva\AppData\Local\Programs\Python\Python312\Lib\site-packages\django\db\backends\sqlite3\creation.py first seen with mtime 1711956468.8530972
File C:\Users\Stiva\AppData\Local\Programs\Python\Python312\Lib\email\__init__.py first seen with mtime 1707246618.0
File C:\Users\Stiva\AppData\Local\Programs\Python\Python312\Lib\site-packages\django\template\__init__.py first seen with mtime 1711956468.917988
File C:\Users\Stiva\AppData\Local\Programs\Python\Python312\Lib\site-packages\sqlparse\filters\reindent.py first seen with mtime 1711956467.0983093
File C:\Users\Stiva\AppData\Local\Programs\Python\Python312\Lib\inspect.py first seen with mtime 1707246618.0
File C:\Users\Stiva\AppData\Local\Programs\Python\Python312\Lib\socketserver.py first seen with mtime 1707246618.0
File C:\Users\Stiva\AppData\Local\Programs\Python\Python312\Lib\weakref.py first seen with mtime 1707246618.0
File C:\Users\Stiva\AppData\Local\Programs\Python\Python312\Lib\site-packages\django\core\files\storage\base.py first seen with mtime 1711956468.811057
File C:\Users\Stiva\AppData\Local\Programs\Python\Python312\Lib\site-packages\django\core\management\commands\runserver.py first seen with mtime 1711956468.8258448
File C:\Users\Stiva\AppData\Local\Programs\Python\Python312\DLLs\_decimal.pyd first seen with mtime 1707246652.0
File C:\Users\Stiva\AppData\Local\Programs\Python\Python312\Lib\site-packages\django\db\models\fields\related_lookups.py first seen with mtime 1711956468.8720138
File C:\Users\Stiva\AppData\Local\Programs\Python\Python312\Lib\site-packages\django\contrib\auth\hashers.py first seen with mtime 1711956467.9388065
File C:\Users\Stiva\AppData\Local\Programs\Python\Python312\Lib\site-packages\django\db\backends\signals.py first seen with mtime 1711956468.8359177
File C:\Users\Stiva\AppData\Local\Programs\Python\Python312\Lib\site-packages\django\utils\dateparse.py first seen with mtime 1711956468.9390662
File C:\Users\Stiva\AppData\Local\Programs\Python\Python312\Lib\email\base64mime.py first seen with mtime 1707246618.0
File C:\Users\Stiva\AppData\Local\Programs\Python\Python312\DLLs\_bz2.pyd first seen with mtime 1707246652.0
File C:\Users\Stiva\AppData\Local\Programs\Python\Python312\Lib\ctypes\_endian.py first seen with mtime 1707246618.0
File C:\Users\Stiva\AppData\Local\Programs\Python\Python312\Lib\zoneinfo\__init__.py first seen with mtime 1707246618.0
File C:\Users\Stiva\AppData\Local\Programs\Python\Python312\Lib\site-packages\django\template\loaders\cached.py first seen with mtime 1711956468.9262617
File C:\Users\Stiva\AppData\Local\Programs\Python\Python312\Lib\site-packages\django\contrib\admin\checks.py first seen with mtime 1711956467.5777996
File C:\Users\Stiva\AppData\Local\Programs\Python\Python312\Lib\site-packages\django\middleware\__init__.py first seen with mtime 1711956468.914672
File C:\Users\Stiva\AppData\Local\Programs\Python\Python312\Lib\site-packages\django\core\handlers\base.py first seen with mtime 1711956468.8130472
File C:\Users\Stiva\AppData\Local\Programs\Python\Python312\Lib\site-packages\django\db\models\functions\mixins.py first seen with mtime 1711956468.8740017
File C:\Users\Stiva\AppData\Local\Programs\Python\Python312\Lib\http\server.py first seen with mtime 1707246618.0
File C:\Users\Stiva\AppData\Local\Programs\Python\Python312\Lib\site-packages\django\db\models\manager.py first seen with mtime 1711956468.8665125
File C:\Users\Stiva\AppData\Local\Programs\Python\Python312\Lib\site-packages\asgiref\local.py first seen with mtime 1711956467.3438559
File C:\Users\Stiva\AppData\Local\Programs\Python\Python312\Lib\site-packages\sqlparse\cli.py first seen with mtime 1711956467.0928714
File C:\Users\Stiva\AppData\Local\Programs\Python\Python312\Lib\site-packages\django\core\checks\files.py first seen with mtime 1711956468.8016322
File C:\Users\Stiva\AppData\Local\Programs\Python\Python312\Lib\site-packages\django\db\backends\sqlite3\__init__.py first seen with mtime 1711956468.8519864
File C:\Users\Stiva\AppData\Local\Programs\Python\Python312\Lib\_compression.py first seen with mtime 1707246618.0
File C:\Users\Stiva\AppData\Local\Programs\Python\Python312\Lib\site-packages\django\forms\formsets.py first seen with mtime 1711956468.8815026
File C:\Users\Stiva\AppData\Local\Programs\Python\Python312\Lib\asyncio\base_subprocess.py first seen with mtime 1707246618.0
File C:\Users\Stiva\AppData\Local\Programs\Python\Python312\Lib\types.py first seen with mtime 1707246618.0
File C:\Users\Stiva\AppData\Local\Programs\Python\Python312\Lib\site-packages\django\core\validators.py first seen with mtime 1711956468.7948096
File C:\Users\Stiva\AppData\Local\Programs\Python\Python312\Lib\dis.py first seen with mtime 1707246618.0
File C:\Users\Stiva\AppData\Local\Programs\Python\Python312\Lib\site-packages\django\core\__init__.py first seen with mtime 1711956468.7923014
File C:\Users\Stiva\AppData\Local\Programs\Python\Python312\Lib\site-packages\django\conf\global_settings.py first seen with mtime 1711956467.439541
File C:\Users\Stiva\AppData\Local\Programs\Python\Python312\Lib\fnmatch.py first seen with mtime 1707246618.0
File C:\Users\Stiva\AppData\Local\Programs\Python\Python312\Lib\site-packages\django\db\models\expressions.py first seen with mtime 1711956468.8656304
File C:\Users\Stiva\AppData\Local\Programs\Python\Python312\Lib\site-packages\django\template\autoreload.py first seen with mtime 1711956468.917988
File C:\Users\Stiva\AppData\Local\Programs\Python\Python312\Lib\site-packages\django\forms\boundfield.py first seen with mtime 1711956468.879509
File C:\Users\Stiva\AppData\Local\Programs\Python\Python312\Lib\site-packages\django\contrib\contenttypes\admin.py first seen with mtime 1711956468.0382035
File C:\Users\Stiva\AppData\Local\Programs\Python\Python312\Lib\re\_compiler.py first seen with mtime 1707246618.0
File C:\Users\Stiva\AppData\Local\Programs\Python\Python312\Lib\site-packages\django\db\models\fields\proxy.py first seen with mtime 1711956468.8710108
File C:\Users\Stiva\AppData\Local\Programs\Python\Python312\Lib\site-packages\django\templatetags\l10n.py first seen with mtime 1711956468.9284534
File C:\Users\Stiva\AppData\Local\Programs\Python\Python312\Lib\site-packages\django\core\checks\urls.py first seen with mtime 1711956468.8036273
File C:\Users\Stiva\AppData\Local\Programs\Python\Python312\Lib\site-packages\django\db\models\constants.py first seen with mtime 1711956468.8631117
File C:\Users\Stiva\AppData\Local\Programs\Python\Python312\Lib\site-packages\django\core\checks\caches.py first seen with mtime 1711956468.800632
File C:\Users\Stiva\AppData\Local\Programs\Python\Python312\Lib\site-packages\django\contrib\auth\forms.py first seen with mtime 1711956467.9388065
File C:\Users\Stiva\AppData\Local\Programs\Python\Python312\Lib\asyncio\timeouts.py first seen with mtime 1707246618.0
File C:\Users\Stiva\AppData\Local\Programs\Python\Python312\DLLs\_sqlite3.pyd first seen with mtime 1707246652.0
File C:\Users\Stiva\AppData\Local\Programs\Python\Python312\Lib\site-packages\sqlparse\engine\filter_stack.py first seen with mtime 1711956467.096803
File C:\Users\Stiva\AppData\Local\Programs\Python\Python312\Lib\site-packages\django\utils\text.py first seen with mtime 1711956468.948089
File C:\Users\Stiva\AppData\Local\Programs\Python\Python312\Lib\site-packages\django\core\checks\security\__init__.py first seen with mtime 1711956468.8056324
File C:\Users\Stiva\AppData\Local\Programs\Python\Python312\Lib\site-packages\django\core\handlers\wsgi.py first seen with mtime 1711956468.8145866
File C:\Users\Stiva\AppData\Local\Programs\Python\Python312\Lib\_compat_pickle.py first seen with mtime 1707246618.0
File C:\Users\Stiva\AppData\Local\Programs\Python\Python312\Lib\glob.py first seen with mtime 1707246618.0
File C:\Users\Stiva\AppData\Local\Programs\Python\Python312\Lib\site-packages\asgiref\current_thread_executor.py first seen with mtime 1711956467.342366
File C:\Users\Stiva\AppData\Local\Programs\Python\Python312\Lib\site-packages\django\db\backends\base\schema.py first seen with mtime 1711956468.8391
File C:\Users\Stiva\AppData\Local\Programs\Python\Python312\Lib\asyncio\threads.py first seen with mtime 1707246618.0
File C:\Users\Stiva\AppData\Local\Programs\Python\Python312\Lib\email\policy.py first seen with mtime 1707246618.0
File C:\Users\Stiva\AppData\Local\Programs\Python\Python312\Lib\_markupbase.py first seen with mtime 1707246618.0
File C:\Users\Stiva\AppData\Local\Programs\Python\Python312\Lib\asyncio\format_helpers.py first seen with mtime 1707246618.0
File C:\Users\Stiva\AppData\Local\Programs\Python\Python312\Lib\struct.py first seen with mtime 1707246618.0
File C:\Users\Stiva\AppData\Local\Programs\Python\Python312\Lib\site-packages\django\db\models\signals.py first seen with mtime 1711956468.8680189
File C:\Users\Stiva\AppData\Local\Programs\Python\Python312\Lib\site-packages\django\utils\formats.py first seen with mtime 1711956468.9420605
File C:\Users\Stiva\AppData\Local\Programs\Python\Python312\Lib\threading.py first seen with mtime 1707246618.0
File C:\Users\Stiva\AppData\Local\Programs\Python\Python312\Lib\site-packages\django\core\checks\translation.py first seen with mtime 1711956468.8036273
File C:\Users\Stiva\AppData\Local\Programs\Python\Python312\Lib\site-packages\django\templatetags\static.py first seen with mtime 1711956468.9294515
File C:\Users\Stiva\AppData\Local\Programs\Python\Python312\Lib\site-packages\django\utils\dates.py first seen with mtime 1711956468.9400666
File C:\Users\Stiva\AppData\Local\Programs\Python\Python312\Lib\site-packages\django\core\exceptions.py first seen with mtime 1711956468.793302
File C:\Users\Stiva\AppData\Local\Programs\Python\Python312\Lib\site-packages\django\core\management\color.py first seen with mtime 1711956468.8187068
File C:\Users\Stiva\AppData\Local\Programs\Python\Python312\Lib\email\errors.py first seen with mtime 1707246618.0
File C:\Users\Stiva\AppData\Local\Programs\Python\Python312\Lib\concurrent\futures\_base.py first seen with mtime 1707246618.0
File C:\Users\Stiva\AppData\Local\Programs\Python\Python312\Lib\site-packages\django\contrib\messages\storage\__init__.py first seen with mtime 1711956468.4255779
File C:\Users\Stiva\AppData\Local\Programs\Python\Python312\Lib\asyncio\futures.py first seen with mtime 1707246618.0
File C:\Users\Stiva\AppData\Local\Programs\Python\Python312\Lib\site-packages\django\template\base.py first seen with mtime 1711956468.9189909
File C:\Users\Stiva\AppData\Local\Programs\Python\Python312\Lib\site-packages\django\template\loaders\__init__.py first seen with mtime 1711956468.9262617
File C:\Users\Stiva\AppData\Local\Programs\Python\Python312\Lib\asyncio\protocols.py first seen with mtime 1707246618.0
File C:\Users\Stiva\AppData\Local\Programs\Python\Python312\DLLs\_ctypes.pyd first seen with mtime 1707246654.0
File C:\Users\Stiva\AppData\Local\Programs\Python\Python312\Lib\site-packages\asgiref\sync.py first seen with mtime 1711956467.3455653
File C:\Users\Stiva\AppData\Local\Programs\Python\Python312\Lib\logging\handlers.py first seen with mtime 1707246618.0
File C:\Users\Stiva\AppData\Local\Programs\Python\Python312\Lib\site-packages\django\db\transaction.py first seen with mtime 1711956468.8339012
File C:\Users\Stiva\AppData\Local\Programs\Python\Python312\Lib\site-packages\django\core\files\temp.py first seen with mtime 1711956468.8090553
File C:\Users\Stiva\AppData\Local\Programs\Python\Python312\Lib\site-packages\django\utils\timezone.py first seen with mtime 1711956468.9490871
File C:\Users\Stiva\AppData\Local\Programs\Python\Python312\Lib\enum.py first seen with mtime 1707246618.0
File C:\Users\Stiva\AppData\Local\Programs\Python\Python312\Lib\site-packages\django\utils\translation\reloader.py first seen with mtime 1711956468.950084
File C:\Users\Stiva\AppData\Local\Programs\Python\Python312\Lib\site-packages\django\utils\__init__.py first seen with mtime 1711956468.93593
File C:\Users\Stiva\AppData\Local\Programs\Python\Python312\Lib\site-packages\django\contrib\admin\templatetags\base.py first seen with mtime 1711956467.843199
File C:\Users\Stiva\AppData\Local\Programs\Python\Python312\Lib\site-packages\django\core\cache\__init__.py first seen with mtime 1711956468.7958105
File C:\Users\Stiva\AppData\Local\Programs\Python\Python312\Lib\site-packages\django\contrib\messages\apps.py first seen with mtime 1711956468.423575
File C:\Users\Stiva\AppData\Local\Programs\Python\Python312\Lib\multiprocessing\context.py first seen with mtime 1707246618.0
File C:\Users\Stiva\AppData\Local\Programs\Python\Python312\Lib\site-packages\django\utils\deprecation.py first seen with mtime 1711956468.941064
File C:\Users\Stiva\AppData\Local\Programs\Python\Python312\Lib\site-packages\django\views\static.py first seen with mtime 1711956468.9536052
File C:\Users\Stiva\AppData\Local\Programs\Python\Python312\Lib\asyncio\windows_utils.py first seen with mtime 1707246618.0
File C:\Users\Stiva\AppData\Local\Programs\Python\Python312\Lib\site-packages\django\core\wsgi.py first seen with mtime 1711956468.7958105
File C:\Users\Stiva\AppData\Local\Programs\Python\Python312\Lib\wsgiref\simple_server.py first seen with mtime 1707246618.0
File C:\Users\Stiva\AppData\Local\Programs\Python\Python312\Lib\site-packages\django\utils\itercompat.py first seen with mtime 1711956468.9445868
File C:\Users\Stiva\AppData\Local\Programs\Python\Python312\Lib\asyncio\selector_events.py first seen with mtime 1707246618.0
File C:\Users\Stiva\AppData\Local\Programs\Python\Python312\Lib\site-packages\django\views\generic\__init__.py first seen with mtime 1711956468.9578667
File C:\Users\Stiva\AppData\Local\Programs\Python\Python312\Lib\site-packages\asgiref\__init__.py first seen with mtime 1711956467.342366
File C:\Users\Stiva\AppData\Local\Programs\Python\Python312\Lib\asyncio\windows_events.py first seen with mtime 1707246618.0
File C:\Users\Stiva\AppData\Local\Programs\Python\Python312\Lib\site-packages\django\contrib\sites\__init__.py first seen with mtime 1711956468.7000265
File C:\Users\Stiva\AppData\Local\Programs\Python\Python312\Lib\site-packages\sqlparse\formatter.py first seen with mtime 1711956467.093871
File C:\Users\Stiva\AppData\Local\Programs\Python\Python312\Lib\socket.py first seen with mtime 1707246618.0
File C:\Users\Stiva\AppData\Local\Programs\Python\Python312\Lib\site-packages\django\db\models\fields\generated.py first seen with mtime 1711956468.8700125
File C:\Users\Stiva\AppData\Local\Programs\Python\Python312\Lib\shutil.py first seen with mtime 1707246618.0
File C:\Users\Stiva\AppData\Local\Programs\Python\Python312\Lib\tokenize.py first seen with mtime 1707246618.0
File C:\Users\Stiva\AppData\Local\Programs\Python\Python312\Lib\site-packages\django\utils\dateformat.py first seen with mtime 1711956468.9390662
File C:\Users\Stiva\AppData\Local\Programs\Python\Python312\Lib\site-packages\django\contrib\staticfiles\utils.py first seen with mtime 1711956468.788589
File C:\Users\Stiva\AppData\Local\Programs\Python\Python312\Lib\asyncio\locks.py first seen with mtime 1707246618.0
File C:\Users\Stiva\AppData\Local\Programs\Python\Python312\Lib\typing.py first seen with mtime 1707246618.0
File C:\Users\Stiva\AppData\Local\Programs\Python\Python312\Lib\encodings\aliases.py first seen with mtime 1707246618.0
File C:\Users\Stiva\AppData\Local\Programs\Python\Python312\Lib\site-packages\django\utils\http.py first seen with mtime 1711956468.9430585
File C:\Users\Stiva\AppData\Local\Programs\Python\Python312\Lib\re\_parser.py first seen with mtime 1707246618.0
File C:\Users\Stiva\AppData\Local\Programs\Python\Python312\Lib\site-packages\django\utils\translation\trans_real.py first seen with mtime 1711956468.95159
File C:\Users\Stiva\AppData\Local\Programs\Python\Python312\Lib\asyncio\staggered.py first seen with mtime 1707246618.0
File C:\Users\Stiva\AppData\Local\Programs\Python\Python312\Lib\asyncio\mixins.py first seen with mtime 1707246618.0
File C:\Users\Stiva\AppData\Local\Programs\Python\Python312\Lib\site-packages\django\views\i18n.py first seen with mtime 1711956468.9536052
File C:\Users\Stiva\AppData\Local\Programs\Python\Python312\Lib\site-packages\sqlparse\filters\right_margin.py first seen with mtime 1711956467.0993063
File C:\UAFOND\UAFOND\__init__.py first seen with mtime 1705398630.0
File C:\Users\Stiva\AppData\Local\Programs\Python\Python312\Lib\concurrent\futures\thread.py first seen with mtime 1707246618.0
File C:\Users\Stiva\AppData\Local\Programs\Python\Python312\Lib\site-packages\django\shortcuts.py first seen with mtime 1711956467.4375439
File C:\Users\Stiva\AppData\Local\Programs\Python\Python312\Lib\site-packages\django\contrib\admin\templatetags\admin_urls.py first seen with mtime 1711956467.843199
File C:\Users\Stiva\AppData\Local\Programs\Python\Python312\Lib\site-packages\django\contrib\sites\requests.py first seen with mtime 1711956468.70302
File C:\UAFOND\templates\about.html first seen with mtime 1716889574.046415
File C:\UAFOND\templates\artcl.html first seen with mtime 1717008611.9818888
File C:\UAFOND\templates\main.html first seen with mtime 1717009446.2713103
File C:\UAFOND\templates\news.html first seen with mtime 1716657980.0
File C:\UAFOND\templates\proj.html first seen with mtime 1717008821.7331653
File C:\UAFOND\templates\projects.html first seen with mtime 1717007785.368376
File C:\UAFOND\templates\projects_actived_only.html first seen with mtime 1717008331.4875412
File C:\UAFOND\templates\projects_arcived_only.html first seen with mtime 1716713702.0
File C:\UAFOND\templates\report.html first seen with mtime 1716534340.0
File C:\UAFOND\templates\support.html first seen with mtime 1717050037.1458514
File C:\Users\Stiva\AppData\Local\Programs\Python\Python312\Lib\site-packages\django\contrib\auth\migrations\0005_alter_user_last_login_null.py first seen with mtime 1711956468.03287
File C:\Users\Stiva\AppData\Local\Programs\Python\Python312\Lib\site-packages\django\contrib\auth\migrations\0004_alter_user_username_opts.py first seen with mtime 1711956468.03287
File C:\Users\Stiva\AppData\Local\Programs\Python\Python312\Lib\site-packages\django\contrib\auth\migrations\0008_alter_user_username_max_length.py first seen with mtime 1711956468.0338676
File C:\UAFOND\UAFOND\migrations\0001_initial.py first seen with mtime 1707162138.0
File C:\Users\Stiva\AppData\Local\Programs\Python\Python312\Lib\site-packages\django\contrib\sessions\backends\__init__.py first seen with mtime 1711956468.6157138
File C:\Users\Stiva\AppData\Local\Programs\Python\Python312\Lib\site-packages\django\contrib\sessions\migrations\__init__.py first seen with mtime 1711956468.6980243
File C:\Users\Stiva\AppData\Local\Programs\Python\Python312\Lib\site-packages\django\contrib\sessions\backends\db.py first seen with mtime 1711956468.6168077
File C:\Users\Stiva\AppData\Local\Programs\Python\Python312\Lib\site-packages\django\db\models\sql\compiler.py first seen with mtime 1711956468.8755045
File C:\Users\Stiva\AppData\Local\Programs\Python\Python312\Lib\site-packages\django\db\migrations\loader.py first seen with mtime 1711956468.8571258
File C:\Users\Stiva\AppData\Local\Programs\Python\Python312\Lib\site-packages\PIL\_binary.py first seen with mtime 1712860378.6519787
File C:\Users\Stiva\AppData\Local\Programs\Python\Python312\Lib\site-packages\django\contrib\sessions\middleware.py first seen with mtime 1711956468.614714
File C:\Users\Stiva\AppData\Local\Programs\Python\Python312\Lib\site-packages\django\middleware\clickjacking.py first seen with mtime 1711956468.9156768
File C:\Users\Stiva\AppData\Local\Programs\Python\Python312\Lib\site-packages\django\middleware\common.py first seen with mtime 1711956468.9156768
File C:\Users\Stiva\AppData\Local\Programs\Python\Python312\Lib\site-packages\PIL\_imaging.cp312-win_amd64.pyd first seen with mtime 1712860378.6615222
File C:\Users\Stiva\AppData\Local\Programs\Python\Python312\Lib\site-packages\django\core\cache\backends\locmem.py first seen with mtime 1711956468.7992692
File C:\Users\Stiva\AppData\Local\Programs\Python\Python312\Lib\site-packages\django\contrib\auth\migrations\0010_alter_group_name_max_length.py first seen with mtime 1711956468.0353756
File C:\Users\Stiva\AppData\Local\Programs\Python\Python312\Lib\site-packages\django\contrib\admin\migrations\0001_initial.py first seen with mtime 1711956467.7755356
File C:\Users\Stiva\AppData\Local\Programs\Python\Python312\Lib\site-packages\django\contrib\auth\migrations\0007_alter_validators_add_error_messages.py first seen with mtime 1711956468.0338676
File C:\Users\Stiva\AppData\Local\Programs\Python\Python312\Lib\site-packages\django\contrib\messages\middleware.py first seen with mtime 1711956468.424571
File C:\Users\Stiva\AppData\Local\Programs\Python\Python312\Lib\site-packages\django\contrib\auth\migrations\0003_alter_user_email_max_length.py first seen with mtime 1711956468.03287
File C:\Users\Stiva\AppData\Local\Programs\Python\Python312\Lib\site-packages\django\contrib\auth\migrations\0011_update_proxy_permissions.py first seen with mtime 1711956468.0353756
File C:\Users\Stiva\AppData\Local\Programs\Python\Python312\Lib\site-packages\django\contrib\auth\migrations\0001_initial.py first seen with mtime 1711956468.0318737
File C:\Users\Stiva\AppData\Local\Programs\Python\Python312\Lib\site-packages\django\middleware\security.py first seen with mtime 1711956468.917988
File C:\Users\Stiva\AppData\Local\Programs\Python\Python312\Lib\site-packages\django\contrib\contenttypes\migrations\__init__.py first seen with mtime 1711956468.1249335
File C:\Users\Stiva\AppData\Local\Programs\Python\Python312\Lib\site-packages\django\contrib\admin\migrations\0003_logentry_add_action_flag_choices.py first seen with mtime 1711956467.7763016
File C:\Users\Stiva\AppData\Local\Programs\Python\Python312\Lib\site-packages\django\contrib\auth\migrations\__init__.py first seen with mtime 1711956468.035881
File C:\Users\Stiva\AppData\Local\Programs\Python\Python312\Lib\site-packages\django\contrib\contenttypes\migrations\0002_remove_content_type_name.py first seen with mtime 1711956468.123424
File C:\Users\Stiva\AppData\Local\Programs\Python\Python312\Lib\site-packages\django\contrib\admin\migrations\__init__.py first seen with mtime 1711956467.7763016
File C:\Users\Stiva\AppData\Local\Programs\Python\Python312\Lib\site-packages\django\db\migrations\executor.py first seen with mtime 1711956468.8571258
File C:\UAFOND\UAFOND\migrations\__init__.py first seen with mtime 1707162138.0
File C:\Users\Stiva\AppData\Local\Programs\Python\Python312\Lib\site-packages\PIL\_util.py first seen with mtime 1712860378.6748989
File C:\Users\Stiva\AppData\Local\Programs\Python\Python312\Lib\site-packages\django\contrib\auth\backends.py first seen with mtime 1711956467.9356384
File C:\Users\Stiva\AppData\Local\Programs\Python\Python312\Lib\site-packages\django\contrib\sessions\exceptions.py first seen with mtime 1711956468.6132047
File C:\Users\Stiva\AppData\Local\Programs\Python\Python312\Lib\site-packages\PIL\_typing.py first seen with mtime 1712860378.6738956
File C:\Users\Stiva\AppData\Local\Programs\Python\Python312\Lib\site-packages\PIL\TiffTags.py first seen with mtime 1712860378.649331
File C:\Users\Stiva\AppData\Local\Programs\Python\Python312\Lib\site-packages\django\contrib\contenttypes\migrations\0001_initial.py first seen with mtime 1711956468.123424
File C:\Users\Stiva\AppData\Local\Programs\Python\Python312\Lib\stringprep.py first seen with mtime 1707246618.0
File C:\Users\Stiva\AppData\Local\Programs\Python\Python312\Lib\site-packages\django\contrib\auth\migrations\0009_alter_user_last_name_max_length.py first seen with mtime 1711956468.034865
File C:\Users\Stiva\AppData\Local\Programs\Python\Python312\Lib\encodings\idna.py first seen with mtime 1707246618.0
File C:\Users\Stiva\AppData\Local\Programs\Python\Python312\Lib\site-packages\django\contrib\auth\migrations\0006_require_contenttypes_0002.py first seen with mtime 1711956468.0338676
File C:\Users\Stiva\AppData\Local\Programs\Python\Python312\Lib\site-packages\django\contrib\sessions\backends\base.py first seen with mtime 1711956468.6157138
File C:\Users\Stiva\AppData\Local\Programs\Python\Python312\Lib\site-packages\django\contrib\auth\middleware.py first seen with mtime 1711956467.9398038
File C:\Users\Stiva\AppData\Local\Programs\Python\Python312\Lib\site-packages\django\contrib\auth\migrations\0012_alter_user_first_name_max_length.py first seen with mtime 1711956468.035881
File C:\UAFOND\UAFOND\migrations\0003_projects_active_projects_coll_money_and_more.py first seen with mtime 1715786688.0
File C:\UAFOND\UAFOND\wsgi.py first seen with mtime 1705398630.0
File C:\Users\Stiva\AppData\Local\Programs\Python\Python312\Lib\site-packages\django\db\migrations\graph.py first seen with mtime 1711956468.8571258
File C:\Users\Stiva\AppData\Local\Programs\Python\Python312\Lib\site-packages\django\contrib\auth\migrations\0002_alter_permission_name_max_length.py first seen with mtime 1711956468.03287
File C:\Users\Stiva\AppData\Local\Programs\Python\Python312\Lib\site-packages\django\contrib\admin\migrations\0002_logentry_remove_auto_add.py first seen with mtime 1711956467.7760408
File C:\Users\Stiva\AppData\Local\Programs\Python\Python312\Lib\site-packages\django\contrib\sessions\migrations\0001_initial.py first seen with mtime 1711956468.69699
File C:\UAFOND\UAFOND\migrations\0002_news_time.py first seen with mtime 1715162054.0
File C:\Users\Stiva\AppData\Local\Programs\Python\Python312\Lib\site-packages\django\views\csrf.py first seen with mtime 1711956468.952612
File C:\Users\Stiva\AppData\Local\Programs\Python\Python312\Lib\site-packages\django\db\migrations\recorder.py first seen with mtime 1711956468.8591168
(0.000) SELECT "UAFOND_projects"."id", "UAFOND_projects"."title", "UAFOND_projects"."author", "UAFOND_projects"."text", "UAFOND_projects"."img", "UAFOND_projects"."req_money", "UAFOND_projects"."coll_money", "UAFOND_projects"."active" FROM "UAFOND_projects" WHERE "UAFOND_projects"."id" = 4 LIMIT 21; args=(4,); alias=default
(0.000) SELECT "django_session"."session_key", "django_session"."session_data", "django_session"."expire_date" FROM "django_session" WHERE ("django_session"."expire_date" > '2024-05-30 06:34:52.370156' AND "django_session"."session_key" = 'ifrkygsqvzyz4r49g5h3medyh0k02wrc') LIMIT 21; args=('2024-05-30 06:34:52.370156', 'ifrkygsqvzyz4r49g5h3medyh0k02wrc'); alias=default
(0.000) SELECT "auth_user"."id", "auth_user"."password", "auth_user"."last_login", "auth_user"."is_superuser", "auth_user"."username", "auth_user"."first_name", "auth_user"."last_name", "auth_user"."email", "auth_user"."is_staff", "auth_user"."is_active", "auth_user"."date_joined" FROM "auth_user" WHERE "auth_user"."id" = 2 LIMIT 21; args=(2,); alias=default
Internal Server Error: /support_project/4/
Traceback (most recent call last):
  File "C:\Users\Stiva\AppData\Local\Programs\Python\Python312\Lib\site-packages\django\core\handlers\exception.py", line 55, in inner
    response = get_response(request)
               ^^^^^^^^^^^^^^^^^^^^^
  File "C:\Users\Stiva\AppData\Local\Programs\Python\Python312\Lib\site-packages\django\core\handlers\base.py", line 197, in _get_response
    response = wrapped_callback(request, *callback_args, **callback_kwargs)
               ^^^^^^^^^^^^^^^^^^^^^^^^^^^^^^^^^^^^^^^^^^^^^^^^^^^^^^^^^^^^
  File "C:\UAFOND\UAFOND\views.py", line 63, in support_project
    return render(request, 'support_project.html', {'project': project})
           ^^^^^^^^^^^^^^^^^^^^^^^^^^^^^^^^^^^^^^^^^^^^^^^^^^^^^^^^^^^^^
  File "C:\Users\Stiva\AppData\Local\Programs\Python\Python312\Lib\site-packages\django\shortcuts.py", line 25, in render
    content = loader.render_to_string(template_name, context, request, using=using)
              ^^^^^^^^^^^^^^^^^^^^^^^^^^^^^^^^^^^^^^^^^^^^^^^^^^^^^^^^^^^^^^^^^^^^^
  File "C:\Users\Stiva\AppData\Local\Programs\Python\Python312\Lib\site-packages\django\template\loader.py", line 61, in render_to_string
    template = get_template(template_name, using=using)
               ^^^^^^^^^^^^^^^^^^^^^^^^^^^^^^^^^^^^^^^^
  File "C:\Users\Stiva\AppData\Local\Programs\Python\Python312\Lib\site-packages\django\template\loader.py", line 19, in get_template
    raise TemplateDoesNotExist(template_name, chain=chain)
django.template.exceptions.TemplateDoesNotExist: support_project.html
"GET /support_project/4/ HTTP/1.1" 500 80096
Exception while resolving variable 'name' in template 'unknown'.
Traceback (most recent call last):
  File "C:\Users\Stiva\AppData\Local\Programs\Python\Python312\Lib\site-packages\django\core\handlers\exception.py", line 55, in inner
    response = get_response(request)
               ^^^^^^^^^^^^^^^^^^^^^
  File "C:\Users\Stiva\AppData\Local\Programs\Python\Python312\Lib\site-packages\django\core\handlers\base.py", line 181, in _get_response
    callback, callback_args, callback_kwargs = self.resolve_request(request)
                                               ^^^^^^^^^^^^^^^^^^^^^^^^^^^^^
  File "C:\Users\Stiva\AppData\Local\Programs\Python\Python312\Lib\site-packages\django\core\handlers\base.py", line 313, in resolve_request
    resolver_match = resolver.resolve(request.path_info)
                     ^^^^^^^^^^^^^^^^^^^^^^^^^^^^^^^^^^^
  File "C:\Users\Stiva\AppData\Local\Programs\Python\Python312\Lib\site-packages\django\urls\resolvers.py", line 725, in resolve
    raise Resolver404({"tried": tried, "path": new_path})
django.urls.exceptions.Resolver404: {'tried': [[<URLResolver <URLPattern list> (admin:admin) 'admin/'>], [<URLPattern '' [name='main']>], [<URLPattern 'about/' [name='about']>], [<URLPattern 'news/' [name='news']>], [<URLPattern 'article/<int:id>/' [name='artcl']>], [<URLPattern 'projects/' [name='projects']>], [<URLPattern 'projects/archived/' [name='arch_projects']>], [<URLPattern 'projects/active/' [name='act_projects']>], [<URLPattern 'project/<int:id>/' [name='proj']>], [<URLPattern 'report/' [name='report']>], [<URLPattern 'support/' [name='support']>], [<URLPattern 'support_project/<int:id>/' [name='support_project']>], [<URLPattern '^media/(?P<path>.*)$'>]], 'path': 'favicon.ico'}

During handling of the above exception, another exception occurred:

Traceback (most recent call last):
  File "C:\Users\Stiva\AppData\Local\Programs\Python\Python312\Lib\site-packages\django\template\base.py", line 875, in _resolve_lookup
    current = current[bit]
              ~~~~~~~^^^^^
TypeError: 'URLResolver' object is not subscriptable

During handling of the above exception, another exception occurred:

Traceback (most recent call last):
  File "C:\Users\Stiva\AppData\Local\Programs\Python\Python312\Lib\site-packages\django\template\base.py", line 885, in _resolve_lookup
    current = getattr(current, bit)
              ^^^^^^^^^^^^^^^^^^^^^
AttributeError: 'URLResolver' object has no attribute 'name'

During handling of the above exception, another exception occurred:

Traceback (most recent call last):
  File "C:\Users\Stiva\AppData\Local\Programs\Python\Python312\Lib\site-packages\django\template\base.py", line 891, in _resolve_lookup
    current = current[int(bit)]
                      ^^^^^^^^
ValueError: invalid literal for int() with base 10: 'name'

During handling of the above exception, another exception occurred:

Traceback (most recent call last):
  File "C:\Users\Stiva\AppData\Local\Programs\Python\Python312\Lib\site-packages\django\template\base.py", line 898, in _resolve_lookup
    raise VariableDoesNotExist(
django.template.base.VariableDoesNotExist: Failed lookup for key [name] in <URLResolver <URLPattern list> (admin:admin) 'admin/'>
Not Found: /favicon.ico
"GET /favicon.ico HTTP/1.1" 404 3664
File C:\Users\Stiva\AppData\Local\Programs\Python\Python312\Lib\zipfile\_path\glob.py first seen with mtime 1707246618.0
File C:\Users\Stiva\AppData\Local\Programs\Python\Python312\Lib\zipfile\__init__.py first seen with mtime 1707246618.0
File C:\Users\Stiva\AppData\Local\Programs\Python\Python312\Lib\importlib\resources\_common.py first seen with mtime 1707246618.0
File C:\Users\Stiva\AppData\Local\Programs\Python\Python312\Lib\site-packages\django\contrib\messages\storage\fallback.py first seen with mtime 1711956468.426944
File C:\Users\Stiva\AppData\Local\Programs\Python\Python312\Lib\site-packages\django\conf\locale\en\__init__.py first seen with mtime 1711956467.4668708
File C:\Users\Stiva\AppData\Local\Programs\Python\Python312\Lib\importlib\resources\readers.py first seen with mtime 1707246618.0
File C:\Users\Stiva\AppData\Local\Programs\Python\Python312\Lib\importlib\readers.py first seen with mtime 1707246618.0
File C:\Users\Stiva\AppData\Local\Programs\Python\Python312\Lib\site-packages\django\conf\locale\en\formats.py first seen with mtime 1711956467.4668708
File C:\Users\Stiva\AppData\Local\Programs\Python\Python312\Lib\importlib\resources\_adapters.py first seen with mtime 1707246618.0
File C:\Users\Stiva\AppData\Local\Programs\Python\Python312\Lib\importlib\resources\__init__.py first seen with mtime 1707246618.0
File C:\Users\Stiva\AppData\Local\Programs\Python\Python312\Lib\site-packages\tzdata\zoneinfo\__init__.py first seen with mtime 1711956466.883291
File C:\Users\Stiva\AppData\Local\Programs\Python\Python312\Lib\site-packages\tzdata\__init__.py first seen with mtime 1711956466.8682075
File C:\Users\Stiva\AppData\Local\Programs\Python\Python312\Lib\zipfile\_path\__init__.py first seen with mtime 1707246618.0
File C:\Users\Stiva\AppData\Local\Programs\Python\Python312\Lib\importlib\resources\abc.py first seen with mtime 1707246618.0
File C:\Users\Stiva\AppData\Local\Programs\Python\Python312\Lib\site-packages\django\contrib\sessions\serializers.py first seen with mtime 1711956468.614714
File C:\Users\Stiva\AppData\Local\Programs\Python\Python312\Lib\site-packages\django\contrib\messages\storage\cookie.py first seen with mtime 1711956468.426944
File C:\Users\Stiva\AppData\Local\Programs\Python\Python312\Lib\importlib\resources\_itertools.py first seen with mtime 1707246618.0
File C:\Users\Stiva\AppData\Local\Programs\Python\Python312\Lib\site-packages\django\contrib\messages\storage\session.py first seen with mtime 1711956468.426944
File C:\Users\Stiva\AppData\Local\Programs\Python\Python312\Lib\importlib\resources\_legacy.py first seen with mtime 1707246618.0
(0.000) SELECT "UAFOND_projects"."id", "UAFOND_projects"."title", "UAFOND_projects"."author", "UAFOND_projects"."text", "UAFOND_projects"."img", "UAFOND_projects"."req_money", "UAFOND_projects"."coll_money", "UAFOND_projects"."active" FROM "UAFOND_projects" WHERE "UAFOND_projects"."id" = 4 LIMIT 21; args=(4,); alias=default
(0.000) SELECT "django_session"."session_key", "django_session"."session_data", "django_session"."expire_date" FROM "django_session" WHERE ("django_session"."expire_date" > '2024-05-30 06:34:52.839150' AND "django_session"."session_key" = 'ifrkygsqvzyz4r49g5h3medyh0k02wrc') LIMIT 21; args=('2024-05-30 06:34:52.839150', 'ifrkygsqvzyz4r49g5h3medyh0k02wrc'); alias=default
(0.000) SELECT "auth_user"."id", "auth_user"."password", "auth_user"."last_login", "auth_user"."is_superuser", "auth_user"."username", "auth_user"."first_name", "auth_user"."last_name", "auth_user"."email", "auth_user"."is_staff", "auth_user"."is_active", "auth_user"."date_joined" FROM "auth_user" WHERE "auth_user"."id" = 2 LIMIT 21; args=(2,); alias=default
Internal Server Error: /support_project/4/
Traceback (most recent call last):
  File "C:\Users\Stiva\AppData\Local\Programs\Python\Python312\Lib\site-packages\django\core\handlers\exception.py", line 55, in inner
    response = get_response(request)
               ^^^^^^^^^^^^^^^^^^^^^
  File "C:\Users\Stiva\AppData\Local\Programs\Python\Python312\Lib\site-packages\django\core\handlers\base.py", line 197, in _get_response
    response = wrapped_callback(request, *callback_args, **callback_kwargs)
               ^^^^^^^^^^^^^^^^^^^^^^^^^^^^^^^^^^^^^^^^^^^^^^^^^^^^^^^^^^^^
  File "C:\UAFOND\UAFOND\views.py", line 63, in support_project
    return render(request, 'support_project.html', {'project': project})
           ^^^^^^^^^^^^^^^^^^^^^^^^^^^^^^^^^^^^^^^^^^^^^^^^^^^^^^^^^^^^^
  File "C:\Users\Stiva\AppData\Local\Programs\Python\Python312\Lib\site-packages\django\shortcuts.py", line 25, in render
    content = loader.render_to_string(template_name, context, request, using=using)
              ^^^^^^^^^^^^^^^^^^^^^^^^^^^^^^^^^^^^^^^^^^^^^^^^^^^^^^^^^^^^^^^^^^^^^
  File "C:\Users\Stiva\AppData\Local\Programs\Python\Python312\Lib\site-packages\django\template\loader.py", line 61, in render_to_string
    template = get_template(template_name, using=using)
               ^^^^^^^^^^^^^^^^^^^^^^^^^^^^^^^^^^^^^^^^
  File "C:\Users\Stiva\AppData\Local\Programs\Python\Python312\Lib\site-packages\django\template\loader.py", line 19, in get_template
    raise TemplateDoesNotExist(template_name, chain=chain)
django.template.exceptions.TemplateDoesNotExist: support_project.html
"GET /support_project/4/ HTTP/1.1" 500 80096
Exception while resolving variable 'name' in template 'unknown'.
Traceback (most recent call last):
  File "C:\Users\Stiva\AppData\Local\Programs\Python\Python312\Lib\site-packages\django\core\handlers\exception.py", line 55, in inner
    response = get_response(request)
               ^^^^^^^^^^^^^^^^^^^^^
  File "C:\Users\Stiva\AppData\Local\Programs\Python\Python312\Lib\site-packages\django\core\handlers\base.py", line 181, in _get_response
    callback, callback_args, callback_kwargs = self.resolve_request(request)
                                               ^^^^^^^^^^^^^^^^^^^^^^^^^^^^^
  File "C:\Users\Stiva\AppData\Local\Programs\Python\Python312\Lib\site-packages\django\core\handlers\base.py", line 313, in resolve_request
    resolver_match = resolver.resolve(request.path_info)
                     ^^^^^^^^^^^^^^^^^^^^^^^^^^^^^^^^^^^
  File "C:\Users\Stiva\AppData\Local\Programs\Python\Python312\Lib\site-packages\django\urls\resolvers.py", line 725, in resolve
    raise Resolver404({"tried": tried, "path": new_path})
django.urls.exceptions.Resolver404: {'tried': [[<URLResolver <URLPattern list> (admin:admin) 'admin/'>], [<URLPattern '' [name='main']>], [<URLPattern 'about/' [name='about']>], [<URLPattern 'news/' [name='news']>], [<URLPattern 'article/<int:id>/' [name='artcl']>], [<URLPattern 'projects/' [name='projects']>], [<URLPattern 'projects/archived/' [name='arch_projects']>], [<URLPattern 'projects/active/' [name='act_projects']>], [<URLPattern 'project/<int:id>/' [name='proj']>], [<URLPattern 'report/' [name='report']>], [<URLPattern 'support/' [name='support']>], [<URLPattern 'support_project/<int:id>/' [name='support_project']>], [<URLPattern '^media/(?P<path>.*)$'>]], 'path': 'favicon.ico'}

During handling of the above exception, another exception occurred:

Traceback (most recent call last):
  File "C:\Users\Stiva\AppData\Local\Programs\Python\Python312\Lib\site-packages\django\template\base.py", line 875, in _resolve_lookup
    current = current[bit]
              ~~~~~~~^^^^^
TypeError: 'URLResolver' object is not subscriptable

During handling of the above exception, another exception occurred:

Traceback (most recent call last):
  File "C:\Users\Stiva\AppData\Local\Programs\Python\Python312\Lib\site-packages\django\template\base.py", line 885, in _resolve_lookup
    current = getattr(current, bit)
              ^^^^^^^^^^^^^^^^^^^^^
AttributeError: 'URLResolver' object has no attribute 'name'

During handling of the above exception, another exception occurred:

Traceback (most recent call last):
  File "C:\Users\Stiva\AppData\Local\Programs\Python\Python312\Lib\site-packages\django\template\base.py", line 891, in _resolve_lookup
    current = current[int(bit)]
                      ^^^^^^^^
ValueError: invalid literal for int() with base 10: 'name'

During handling of the above exception, another exception occurred:

Traceback (most recent call last):
  File "C:\Users\Stiva\AppData\Local\Programs\Python\Python312\Lib\site-packages\django\template\base.py", line 898, in _resolve_lookup
    raise VariableDoesNotExist(
django.template.base.VariableDoesNotExist: Failed lookup for key [name] in <URLResolver <URLPattern list> (admin:admin) 'admin/'>
Not Found: /favicon.ico
"GET /favicon.ico HTTP/1.1" 404 3664
File C:\UAFOND\UAFOND\settings.py previous mtime: 1717050884.0506635, current mtime: 1717050906.8348854
C:\UAFOND\UAFOND\settings.py notified as changed. Signal results: [(<function template_changed at 0x0000012A42EAEFC0>, None), (<function translation_file_changed at 0x0000012A43F9F6A0>, None)].
C:\UAFOND\UAFOND\settings.py changed, reloading.
